This is pdfTeX, Version 3.14159265-2.6-1.40.21 (MiKTeX 2.9.7300 64-bit) (preloaded format=pdflatex 2022.4.12)  20 APR 2022 13:34
entering extended mode
**./Unified_Docs.tex
(Unified_Docs.tex
LaTeX2e <2020-02-02> patch level 2
L3 programming layer <2020-02-14>
("C:\Program Files\MiKTeX 2.9\tex/latex/base\book.cls"
Document Class: book 2019/12/20 v1.4l Standard LaTeX document class
("C:\Program Files\MiKTeX 2.9\tex/latex/base\bk12.clo"
File: bk12.clo 2019/12/20 v1.4l Standard LaTeX file (size option)
)
\c@part=\count167
\c@chapter=\count168
\c@section=\count169
\c@subsection=\count170
\c@subsubsection=\count171
\c@paragraph=\count172
\c@subparagraph=\count173
\c@figure=\count174
\c@table=\count175
\abovecaptionskip=\skip47
\belowcaptionskip=\skip48
\bibindent=\dimen134
)
("C:\Program Files\MiKTeX 2.9\tex/latex/geometry\geometry.sty"
Package: geometry 2020/01/02 v5.9 Page Geometry

("C:\Program Files\MiKTeX 2.9\tex/latex/graphics\keyval.sty"
Package: keyval 2014/10/28 v1.15 key=value parser (DPC)
\KV@toks@=\toks14
)
("C:\Program Files\MiKTeX 2.9\tex/generic/iftex\ifvtex.sty"
Package: ifvtex 2019/10/25 v1.7 ifvtex legacy package. Use iftex instead.

("C:\Program Files\MiKTeX 2.9\tex/generic/iftex\iftex.sty"
Package: iftex 2019/11/07 v1.0c TeX engine tests
))
\Gm@cnth=\count176
\Gm@cntv=\count177
\c@Gm@tempcnt=\count178
\Gm@bindingoffset=\dimen135
\Gm@wd@mp=\dimen136
\Gm@odd@mp=\dimen137
\Gm@even@mp=\dimen138
\Gm@layoutwidth=\dimen139
\Gm@layoutheight=\dimen140
\Gm@layouthoffset=\dimen141
\Gm@layoutvoffset=\dimen142
\Gm@dimlist=\toks15

("C:\Program Files\MiKTeX 2.9\tex/latex/geometry\geometry.cfg"))
("C:\Program Files\MiKTeX 2.9\tex/latex/base\makeidx.sty"
Package: makeidx 2014/09/29 v1.0m Standard LaTeX package
)
("C:\Program Files\MiKTeX 2.9\tex/generic/babel\babel.sty"
Package: babel 2020/02/14 3.40 The Babel package

("C:\Program Files\MiKTeX 2.9\tex/generic/babel\switch.def"
File: switch.def 2020/02/14 3.40 Babel switching mechanism
)
*************************************
* Local config file bblopts.cfg used
*
("C:\Program Files\MiKTeX 2.9\tex/latex/arabi\bblopts.cfg"
File: bblopts.cfg 2005/09/08 v0.1 add Arabic and Farsi to "declared" options of
 babel
)
("C:\Program Files\MiKTeX 2.9\tex/latex/babel-english\english.ldf"
Language: english 2017/06/06 v3.3r English support from the babel system

("C:\Program Files\MiKTeX 2.9\tex/generic/babel\babel.def"
File: babel.def 2020/02/14 3.40 Babel common definitions
\babel@savecnt=\count179
\U@D=\dimen143

("C:\Program Files\MiKTeX 2.9\tex/generic/babel\txtbabel.def")
\bbl@readstream=\read2
\bbl@dirlevel=\count180
)
Package babel Info: \l@canadian = using hyphenrules for english
(babel)             (\language0) on input line 102.
Package babel Info: \l@australian = using hyphenrules for ukenglish
(babel)             (\language72) on input line 105.
Package babel Info: \l@newzealand = using hyphenrules for ukenglish
(babel)             (\language72) on input line 108.
))
("C:\Program Files\MiKTeX 2.9\tex/latex/todonotes\todonotes.sty"
Package: todonotes 2019/01/24 v1.1.2 Todonotes source and documentation.
Package: todonotes 2018/11/22

("C:\Program Files\MiKTeX 2.9\tex/latex/base\ifthen.sty"
Package: ifthen 2014/09/29 v1.1c Standard LaTeX ifthen package (DPC)
)
("C:\Program Files\MiKTeX 2.9\tex/latex/xkeyval\xkeyval.sty"
Package: xkeyval 2014/12/03 v2.7a package option processing (HA)

("C:\Program Files\MiKTeX 2.9\tex/generic/xkeyval\xkeyval.tex"
("C:\Program Files\MiKTeX 2.9\tex/generic/xkeyval\xkvutils.tex"
\XKV@toks=\toks16
\XKV@tempa@toks=\toks17
)
\XKV@depth=\count181
File: xkeyval.tex 2014/12/03 v2.7a key=value parser (HA)
))
("C:\Program Files\MiKTeX 2.9\tex/latex/xcolor\xcolor.sty"
Package: xcolor 2016/05/11 v2.12 LaTeX color extensions (UK)

("C:\Program Files\MiKTeX 2.9\tex/latex/graphics-cfg\color.cfg"
File: color.cfg 2016/01/02 v1.6 sample color configuration
)
Package xcolor Info: Driver file: pdftex.def on input line 225.

("C:\Program Files\MiKTeX 2.9\tex/latex/graphics-def\pdftex.def"
File: pdftex.def 2018/01/08 v1.0l Graphics/color driver for pdftex
)
Package xcolor Info: Model `cmy' substituted by `cmy0' on input line 1348.
Package xcolor Info: Model `hsb' substituted by `rgb' on input line 1352.
Package xcolor Info: Model `RGB' extended on input line 1364.
Package xcolor Info: Model `HTML' substituted by `rgb' on input line 1366.
Package xcolor Info: Model `Hsb' substituted by `hsb' on input line 1367.
Package xcolor Info: Model `tHsb' substituted by `hsb' on input line 1368.
Package xcolor Info: Model `HSB' substituted by `hsb' on input line 1369.
Package xcolor Info: Model `Gray' substituted by `gray' on input line 1370.
Package xcolor Info: Model `wave' substituted by `hsb' on input line 1371.
)
("C:\Program Files\MiKTeX 2.9\tex/latex/pgf/frontendlayer\tikz.sty"
("C:\Program Files\MiKTeX 2.9\tex/latex/pgf/basiclayer\pgf.sty"
("C:\Program Files\MiKTeX 2.9\tex/latex/pgf/utilities\pgfrcs.sty"
("C:\Program Files\MiKTeX 2.9\tex/generic/pgf/utilities\pgfutil-common.tex"
\pgfutil@everybye=\toks18
\pgfutil@tempdima=\dimen144
\pgfutil@tempdimb=\dimen145

("C:\Program Files\MiKTeX 2.9\tex/generic/pgf/utilities\pgfutil-common-lists.te
x")) ("C:\Program Files\MiKTeX 2.9\tex/generic/pgf/utilities\pgfutil-latex.def"
\pgfutil@abb=\box45
("C:\Program Files\MiKTeX 2.9\tex/latex/ms\everyshi.sty"
Package: everyshi 2001/05/15 v3.00 EveryShipout Package (MS)
))
("C:\Program Files\MiKTeX 2.9\tex/generic/pgf/utilities\pgfrcs.code.tex"
("C:\Program Files\MiKTeX 2.9\tex/generic/pgf\pgf.revision.tex")
Package: pgfrcs 2020/01/08 v3.1.5b (3.1.5b)
))
Package: pgf 2020/01/08 v3.1.5b (3.1.5b)

("C:\Program Files\MiKTeX 2.9\tex/latex/pgf/basiclayer\pgfcore.sty"
("C:\Program Files\MiKTeX 2.9\tex/latex/graphics\graphicx.sty"
Package: graphicx 2019/11/30 v1.2a Enhanced LaTeX Graphics (DPC,SPQR)

("C:\Program Files\MiKTeX 2.9\tex/latex/graphics\graphics.sty"
Package: graphics 2019/11/30 v1.4a Standard LaTeX Graphics (DPC,SPQR)

("C:\Program Files\MiKTeX 2.9\tex/latex/graphics\trig.sty"
Package: trig 2016/01/03 v1.10 sin cos tan (DPC)
)
("C:\Program Files\MiKTeX 2.9\tex/latex/graphics-cfg\graphics.cfg"
File: graphics.cfg 2016/06/04 v1.11 sample graphics configuration
)
Package graphics Info: Driver file: pdftex.def on input line 105.
)
\Gin@req@height=\dimen146
\Gin@req@width=\dimen147
)
("C:\Program Files\MiKTeX 2.9\tex/latex/pgf/systemlayer\pgfsys.sty"
("C:\Program Files\MiKTeX 2.9\tex/generic/pgf/systemlayer\pgfsys.code.tex"
Package: pgfsys 2020/01/08 v3.1.5b (3.1.5b)

("C:\Program Files\MiKTeX 2.9\tex/generic/pgf/utilities\pgfkeys.code.tex"
\pgfkeys@pathtoks=\toks19
\pgfkeys@temptoks=\toks20

("C:\Program Files\MiKTeX 2.9\tex/generic/pgf/utilities\pgfkeysfiltered.code.te
x"
\pgfkeys@tmptoks=\toks21
))
\pgf@x=\dimen148
\pgf@y=\dimen149
\pgf@xa=\dimen150
\pgf@ya=\dimen151
\pgf@xb=\dimen152
\pgf@yb=\dimen153
\pgf@xc=\dimen154
\pgf@yc=\dimen155
\pgf@xd=\dimen156
\pgf@yd=\dimen157
\w@pgf@writea=\write3
\r@pgf@reada=\read3
\c@pgf@counta=\count182
\c@pgf@countb=\count183
\c@pgf@countc=\count184
\c@pgf@countd=\count185
\t@pgf@toka=\toks22
\t@pgf@tokb=\toks23
\t@pgf@tokc=\toks24
\pgf@sys@id@count=\count186
 ("C:\Program Files\MiKTeX 2.9\tex/generic/pgf/systemlayer\pgf.cfg"
File: pgf.cfg 2020/01/08 v3.1.5b (3.1.5b)
)
Driver file for pgf: pgfsys-pdftex.def

("C:\Program Files\MiKTeX 2.9\tex/generic/pgf/systemlayer\pgfsys-pdftex.def"
File: pgfsys-pdftex.def 2020/01/08 v3.1.5b (3.1.5b)

("C:\Program Files\MiKTeX 2.9\tex/generic/pgf/systemlayer\pgfsys-common-pdf.def
"
File: pgfsys-common-pdf.def 2020/01/08 v3.1.5b (3.1.5b)
)))
("C:\Program Files\MiKTeX 2.9\tex/generic/pgf/systemlayer\pgfsyssoftpath.code.t
ex"
File: pgfsyssoftpath.code.tex 2020/01/08 v3.1.5b (3.1.5b)
\pgfsyssoftpath@smallbuffer@items=\count187
\pgfsyssoftpath@bigbuffer@items=\count188
)
("C:\Program Files\MiKTeX 2.9\tex/generic/pgf/systemlayer\pgfsysprotocol.code.t
ex"
File: pgfsysprotocol.code.tex 2020/01/08 v3.1.5b (3.1.5b)
)) ("C:\Program Files\MiKTeX 2.9\tex/generic/pgf/basiclayer\pgfcore.code.tex"
Package: pgfcore 2020/01/08 v3.1.5b (3.1.5b)
 ("C:\Program Files\MiKTeX 2.9\tex/generic/pgf/math\pgfmath.code.tex"
("C:\Program Files\MiKTeX 2.9\tex/generic/pgf/math\pgfmathcalc.code.tex"
("C:\Program Files\MiKTeX 2.9\tex/generic/pgf/math\pgfmathutil.code.tex")
("C:\Program Files\MiKTeX 2.9\tex/generic/pgf/math\pgfmathparser.code.tex"
\pgfmath@dimen=\dimen158
\pgfmath@count=\count189
\pgfmath@box=\box46
\pgfmath@toks=\toks25
\pgfmath@stack@operand=\toks26
\pgfmath@stack@operation=\toks27
)
("C:\Program Files\MiKTeX 2.9\tex/generic/pgf/math\pgfmathfunctions.code.tex"
("C:\Program Files\MiKTeX 2.9\tex/generic/pgf/math\pgfmathfunctions.basic.code.
tex")
("C:\Program Files\MiKTeX 2.9\tex/generic/pgf/math\pgfmathfunctions.trigonometr
ic.code.tex")
("C:\Program Files\MiKTeX 2.9\tex/generic/pgf/math\pgfmathfunctions.random.code
.tex")
("C:\Program Files\MiKTeX 2.9\tex/generic/pgf/math\pgfmathfunctions.comparison.
code.tex")
("C:\Program Files\MiKTeX 2.9\tex/generic/pgf/math\pgfmathfunctions.base.code.t
ex")
("C:\Program Files\MiKTeX 2.9\tex/generic/pgf/math\pgfmathfunctions.round.code.
tex")
("C:\Program Files\MiKTeX 2.9\tex/generic/pgf/math\pgfmathfunctions.misc.code.t
ex")
("C:\Program Files\MiKTeX 2.9\tex/generic/pgf/math\pgfmathfunctions.integerarit
hmetics.code.tex")))
("C:\Program Files\MiKTeX 2.9\tex/generic/pgf/math\pgfmathfloat.code.tex"
\c@pgfmathroundto@lastzeros=\count190
))
("C:\Program Files\MiKTeX 2.9\tex/generic/pgf/math\pgfint.code.tex")
("C:\Program Files\MiKTeX 2.9\tex/generic/pgf/basiclayer\pgfcorepoints.code.tex
"
File: pgfcorepoints.code.tex 2020/01/08 v3.1.5b (3.1.5b)
\pgf@picminx=\dimen159
\pgf@picmaxx=\dimen160
\pgf@picminy=\dimen161
\pgf@picmaxy=\dimen162
\pgf@pathminx=\dimen163
\pgf@pathmaxx=\dimen164
\pgf@pathminy=\dimen165
\pgf@pathmaxy=\dimen166
\pgf@xx=\dimen167
\pgf@xy=\dimen168
\pgf@yx=\dimen169
\pgf@yy=\dimen170
\pgf@zx=\dimen171
\pgf@zy=\dimen172
)
("C:\Program Files\MiKTeX 2.9\tex/generic/pgf/basiclayer\pgfcorepathconstruct.c
ode.tex"
File: pgfcorepathconstruct.code.tex 2020/01/08 v3.1.5b (3.1.5b)
\pgf@path@lastx=\dimen173
\pgf@path@lasty=\dimen174
)
("C:\Program Files\MiKTeX 2.9\tex/generic/pgf/basiclayer\pgfcorepathusage.code.
tex"
File: pgfcorepathusage.code.tex 2020/01/08 v3.1.5b (3.1.5b)
\pgf@shorten@end@additional=\dimen175
\pgf@shorten@start@additional=\dimen176
)
("C:\Program Files\MiKTeX 2.9\tex/generic/pgf/basiclayer\pgfcorescopes.code.tex
"
File: pgfcorescopes.code.tex 2020/01/08 v3.1.5b (3.1.5b)
\pgfpic=\box47
\pgf@hbox=\box48
\pgf@layerbox@main=\box49
\pgf@picture@serial@count=\count191
)
("C:\Program Files\MiKTeX 2.9\tex/generic/pgf/basiclayer\pgfcoregraphicstate.co
de.tex"
File: pgfcoregraphicstate.code.tex 2020/01/08 v3.1.5b (3.1.5b)
\pgflinewidth=\dimen177
)
("C:\Program Files\MiKTeX 2.9\tex/generic/pgf/basiclayer\pgfcoretransformations
.code.tex"
File: pgfcoretransformations.code.tex 2020/01/08 v3.1.5b (3.1.5b)
\pgf@pt@x=\dimen178
\pgf@pt@y=\dimen179
\pgf@pt@temp=\dimen180
)
("C:\Program Files\MiKTeX 2.9\tex/generic/pgf/basiclayer\pgfcorequick.code.tex"
File: pgfcorequick.code.tex 2020/01/08 v3.1.5b (3.1.5b)
)
("C:\Program Files\MiKTeX 2.9\tex/generic/pgf/basiclayer\pgfcoreobjects.code.te
x"
File: pgfcoreobjects.code.tex 2020/01/08 v3.1.5b (3.1.5b)
)
("C:\Program Files\MiKTeX 2.9\tex/generic/pgf/basiclayer\pgfcorepathprocessing.
code.tex"
File: pgfcorepathprocessing.code.tex 2020/01/08 v3.1.5b (3.1.5b)
)
("C:\Program Files\MiKTeX 2.9\tex/generic/pgf/basiclayer\pgfcorearrows.code.tex
"
File: pgfcorearrows.code.tex 2020/01/08 v3.1.5b (3.1.5b)
\pgfarrowsep=\dimen181
)
("C:\Program Files\MiKTeX 2.9\tex/generic/pgf/basiclayer\pgfcoreshade.code.tex"
File: pgfcoreshade.code.tex 2020/01/08 v3.1.5b (3.1.5b)
\pgf@max=\dimen182
\pgf@sys@shading@range@num=\count192
\pgf@shadingcount=\count193
) ("C:\Program Files\MiKTeX 2.9\tex/generic/pgf/basiclayer\pgfcoreimage.code.te
x"
File: pgfcoreimage.code.tex 2020/01/08 v3.1.5b (3.1.5b)

("C:\Program Files\MiKTeX 2.9\tex/generic/pgf/basiclayer\pgfcoreexternal.code.t
ex"
File: pgfcoreexternal.code.tex 2020/01/08 v3.1.5b (3.1.5b)
\pgfexternal@startupbox=\box50
))
("C:\Program Files\MiKTeX 2.9\tex/generic/pgf/basiclayer\pgfcorelayers.code.tex
"
File: pgfcorelayers.code.tex 2020/01/08 v3.1.5b (3.1.5b)
)
("C:\Program Files\MiKTeX 2.9\tex/generic/pgf/basiclayer\pgfcoretransparency.co
de.tex"
File: pgfcoretransparency.code.tex 2020/01/08 v3.1.5b (3.1.5b)
)
("C:\Program Files\MiKTeX 2.9\tex/generic/pgf/basiclayer\pgfcorepatterns.code.t
ex"
File: pgfcorepatterns.code.tex 2020/01/08 v3.1.5b (3.1.5b)
)
("C:\Program Files\MiKTeX 2.9\tex/generic/pgf/basiclayer\pgfcorerdf.code.tex"
File: pgfcorerdf.code.tex 2020/01/08 v3.1.5b (3.1.5b)
))) ("C:\Program Files\MiKTeX 2.9\tex/generic/pgf/modules\pgfmoduleshapes.code.
tex"
File: pgfmoduleshapes.code.tex 2020/01/08 v3.1.5b (3.1.5b)
\pgfnodeparttextbox=\box51
) ("C:\Program Files\MiKTeX 2.9\tex/generic/pgf/modules\pgfmoduleplot.code.tex"
File: pgfmoduleplot.code.tex 2020/01/08 v3.1.5b (3.1.5b)
)
("C:\Program Files\MiKTeX 2.9\tex/latex/pgf/compatibility\pgfcomp-version-0-65.
sty"
Package: pgfcomp-version-0-65 2020/01/08 v3.1.5b (3.1.5b)
\pgf@nodesepstart=\dimen183
\pgf@nodesepend=\dimen184
)
("C:\Program Files\MiKTeX 2.9\tex/latex/pgf/compatibility\pgfcomp-version-1-18.
sty"
Package: pgfcomp-version-1-18 2020/01/08 v3.1.5b (3.1.5b)
)) ("C:\Program Files\MiKTeX 2.9\tex/latex/pgf/utilities\pgffor.sty"
("C:\Program Files\MiKTeX 2.9\tex/latex/pgf/utilities\pgfkeys.sty"
("C:\Program Files\MiKTeX 2.9\tex/generic/pgf/utilities\pgfkeys.code.tex"))
("C:\Program Files\MiKTeX 2.9\tex/latex/pgf/math\pgfmath.sty"
("C:\Program Files\MiKTeX 2.9\tex/generic/pgf/math\pgfmath.code.tex"))
("C:\Program Files\MiKTeX 2.9\tex/generic/pgf/utilities\pgffor.code.tex"
Package: pgffor 2020/01/08 v3.1.5b (3.1.5b)

("C:\Program Files\MiKTeX 2.9\tex/generic/pgf/math\pgfmath.code.tex")
\pgffor@iter=\dimen185
\pgffor@skip=\dimen186
\pgffor@stack=\toks28
\pgffor@toks=\toks29
))
("C:\Program Files\MiKTeX 2.9\tex/generic/pgf/frontendlayer/tikz\tikz.code.tex"
Package: tikz 2020/01/08 v3.1.5b (3.1.5b)

("C:\Program Files\MiKTeX 2.9\tex/generic/pgf/libraries\pgflibraryplothandlers.
code.tex"
File: pgflibraryplothandlers.code.tex 2020/01/08 v3.1.5b (3.1.5b)
\pgf@plot@mark@count=\count194
\pgfplotmarksize=\dimen187
)
\tikz@lastx=\dimen188
\tikz@lasty=\dimen189
\tikz@lastxsaved=\dimen190
\tikz@lastysaved=\dimen191
\tikz@lastmovetox=\dimen192
\tikz@lastmovetoy=\dimen193
\tikzleveldistance=\dimen194
\tikzsiblingdistance=\dimen195
\tikz@figbox=\box52
\tikz@figbox@bg=\box53
\tikz@tempbox=\box54
\tikz@tempbox@bg=\box55
\tikztreelevel=\count195
\tikznumberofchildren=\count196
\tikznumberofcurrentchild=\count197
\tikz@fig@count=\count198

("C:\Program Files\MiKTeX 2.9\tex/generic/pgf/modules\pgfmodulematrix.code.tex"
File: pgfmodulematrix.code.tex 2020/01/08 v3.1.5b (3.1.5b)
\pgfmatrixcurrentrow=\count199
\pgfmatrixcurrentcolumn=\count266
\pgf@matrix@numberofcolumns=\count267
)
\tikz@expandcount=\count268

("C:\Program Files\MiKTeX 2.9\tex/generic/pgf/frontendlayer/tikz/libraries\tikz
librarytopaths.code.tex"
File: tikzlibrarytopaths.code.tex 2020/01/08 v3.1.5b (3.1.5b)
)))
("C:\Program Files\MiKTeX 2.9\tex/generic/pgf/frontendlayer/tikz/libraries\tikz
librarypositioning.code.tex"
File: tikzlibrarypositioning.code.tex 2020/01/08 v3.1.5b (3.1.5b)
)
("C:\Program Files\MiKTeX 2.9\tex/generic/pgf/frontendlayer/tikz/libraries\tikz
libraryshadows.code.tex"
File: tikzlibraryshadows.code.tex 2020/01/08 v3.1.5b (3.1.5b)

("C:\Program Files\MiKTeX 2.9\tex/generic/pgf/frontendlayer/tikz/libraries\tikz
libraryfadings.code.tex"
File: tikzlibraryfadings.code.tex 2020/01/08 v3.1.5b (3.1.5b)

("C:\Program Files\MiKTeX 2.9\tex/generic/pgf/libraries\pgflibraryfadings.code.
tex"
File: pgflibraryfadings.code.tex 2020/01/08 v3.1.5b (3.1.5b)
))) ("C:\Program Files\MiKTeX 2.9\tex/latex/tools\calc.sty"
Package: calc 2017/05/25 v4.3 Infix arithmetic (KKT,FJ)
\calc@Acount=\count269
\calc@Bcount=\count270
\calc@Adimen=\dimen196
\calc@Bdimen=\dimen197
\calc@Askip=\skip49
\calc@Bskip=\skip50
LaTeX Info: Redefining \setlength on input line 80.
LaTeX Info: Redefining \addtolength on input line 81.
\calc@Ccount=\count271
\calc@Cskip=\skip51
)
\c@@todonotes@numberoftodonotes=\count272
)
("C:\Program Files\MiKTeX 2.9\tex/latex/draftwatermark\draftwatermark.sty"
Package: draftwatermark 2020/12/08 3.0 Put a gray textual watermark on document
 pages


Package draftwatermark Warning: You appear to be running a version of LaTeX
(draftwatermark)                unsupported by current draftwatermark.
(draftwatermark)                Forcing fallback to `draftwatermark-2x` that
(draftwatermark)                uses an older code base.

("C:\Program Files\MiKTeX 2.9\tex/latex/draftwatermark\draftwatermark-2x.sty"

LaTeX Warning: You have requested package `draftwatermark-2x',
               but the package provides `draftwatermark'.

Package: draftwatermark 2020/12/06 2.3 Put a gray textual watermark on document
 pages
("C:\Program Files\MiKTeX 2.9\tex/latex/kvoptions\kvoptions.sty"
Package: kvoptions 2019/11/29 v3.13 Key value format for package options (HO)

("C:\Program Files\MiKTeX 2.9\tex/generic/ltxcmds\ltxcmds.sty"
Package: ltxcmds 2019/12/15 v1.24 LaTeX kernel commands for general use (HO)
)
("C:\Program Files\MiKTeX 2.9\tex/generic/kvsetkeys\kvsetkeys.sty"
Package: kvsetkeys 2019/12/15 v1.18 Key value parser (HO)
))
("C:\Program Files\MiKTeX 2.9\tex/latex/everypage\everypage.sty"
Package: everypage 2020/10/17 R2.0b Hooks to run on every page


Package everypage Warning: Functionality similar to this package has recently
(everypage)                been implemented in LaTeX. This package is now in
(everypage)                legacy status.
(everypage)                Please, don't use it in new documents and packages.


Package everypage Warning: You appear to be running a version of LaTeX
(everypage)                too old to provide the new functionality.
(everypage)                Forcing fallback to `everypage-1x` that
(everypage)                uses an older code base.

("C:\Program Files\MiKTeX 2.9\tex/latex/everypage\everypage-1x.sty"
Package: everypage-1x 2020/10/10 1.2 Hooks to run on every page
))))
("C:\Program Files\MiKTeX 2.9\tex/latex/easyreview\easyReview.sty"
Package: easyReview 2014/06/27 Package for Easy Review on LaTeX documents
Package: easyReview 2013/12/09 Package for Easy Review on LaTeX documents

("C:\Program Files\MiKTeX 2.9\tex/latex/soul\soul.sty"
Package: soul 2003/11/17 v2.4 letterspacing/underlining (mf)
\SOUL@word=\toks30
\SOUL@lasttoken=\toks31
\SOUL@cmds=\toks32
\SOUL@buffer=\toks33
\SOUL@token=\toks34
\SOUL@spaceskip=\skip52
\SOUL@ttwidth=\dimen198
\SOUL@uldp=\dimen199
\SOUL@ulht=\dimen256
))
("C:\Program Files\MiKTeX 2.9\tex/latex/tools\multicol.sty"
Package: multicol 2019/12/09 v1.8y multicolumn formatting (FMi)
\c@tracingmulticols=\count273
\mult@box=\box56
\multicol@leftmargin=\dimen257
\c@unbalance=\count274
\c@collectmore=\count275
\doublecol@number=\count276
\multicoltolerance=\count277
\multicolpretolerance=\count278
\full@width=\dimen258
\page@free=\dimen259
\premulticols=\dimen260
\postmulticols=\dimen261
\multicolsep=\skip53
\multicolbaselineskip=\skip54
\partial@page=\box57
\last@line=\box58
\maxbalancingoverflow=\dimen262
\mult@rightbox=\box59
\mult@grightbox=\box60
\mult@gfirstbox=\box61
\mult@firstbox=\box62
\@tempa=\box63
\@tempa=\box64
\@tempa=\box65
\@tempa=\box66
\@tempa=\box67
\@tempa=\box68
\@tempa=\box69
\@tempa=\box70
\@tempa=\box71
\@tempa=\box72
\@tempa=\box73
\@tempa=\box74
\@tempa=\box75
\@tempa=\box76
\@tempa=\box77
\@tempa=\box78
\@tempa=\box79
\@tempa=\box80
\@tempa=\box81
\@tempa=\box82
\@tempa=\box83
\@tempa=\box84
\@tempa=\box85
\@tempa=\box86
\@tempa=\box87
\@tempa=\box88
\@tempa=\box89
\@tempa=\box90
\@tempa=\box91
\@tempa=\box92
\@tempa=\box93
\@tempa=\box94
\@tempa=\box95
\@tempa=\box96
\@tempa=\box97
\@tempa=\box98
\@tempa=\box99
\c@minrows=\count279
\c@columnbadness=\count280
\c@finalcolumnbadness=\count281
\last@try=\dimen263
\multicolovershoot=\dimen264
\multicolundershoot=\dimen265
\mult@nat@firstbox=\box100
\colbreak@box=\box101
\mc@col@check@num=\count282
)
("C:\Program Files\MiKTeX 2.9\tex/latex/tools\indentfirst.sty"
Package: indentfirst 1995/11/23 v1.03 Indent first paragraph (DPC)
)
("C:\Program Files\MiKTeX 2.9\tex/latex/titlesec\titlesec.sty"
Package: titlesec 2021/07/05 v2.14 Sectioning titles
\ttl@box=\box102
\beforetitleunit=\skip55
\aftertitleunit=\skip56
\ttl@plus=\dimen266
\ttl@minus=\dimen267
\ttl@toksa=\toks35
\titlewidth=\dimen268
\titlewidthlast=\dimen269
\titlewidthfirst=\dimen270
)
("C:\Program Files\MiKTeX 2.9\tex/latex/enumitem\enumitem.sty"
Package: enumitem 2019/06/20 v3.9 Customized lists
\labelindent=\skip57
\enit@outerparindent=\dimen271
\enit@toks=\toks36
\enit@inbox=\box103
\enit@count@id=\count283
\enitdp@description=\count284
)
("C:\Program Files\MiKTeX 2.9\tex/latex/endnotes\endnotes.sty"
Package: endnotes 2020-01-02 endnotes package
\c@endnote=\count285
\endnotesep=\dimen272
\@enotes=\write4
)
("C:\Program Files\MiKTeX 2.9\tex/latex/tablefootnote\tablefootnote.sty"
Package: tablefootnote 2014/01/26 v1.1c Table foot notes (HMM)

("C:\Program Files\MiKTeX 2.9\tex/latex/letltxmacro\letltxmacro.sty"
Package: letltxmacro 2019/12/03 v1.6 Let assignment for LaTeX macros (HO)
)
("C:\Program Files\MiKTeX 2.9\tex/latex/xifthen\xifthen.sty"
Package: xifthen 2015/11/05 v1.4.0 Extended ifthen features

("C:\Program Files\MiKTeX 2.9\tex/latex/ifmtarg\ifmtarg.sty"
Package: ifmtarg 2018/04/16 v1.2b check for an empty argument
))
("C:\Program Files\MiKTeX 2.9\tex/latex/etoolbox\etoolbox.sty"
Package: etoolbox 2019/09/21 v2.5h e-TeX tools for LaTeX (JAW)
\etb@tempcnta=\count286
))
("C:\Program Files\MiKTeX 2.9\tex/latex/tools\array.sty"
Package: array 2019/08/31 v2.4l Tabular extension package (FMi)
\col@sep=\dimen273
\ar@mcellbox=\box104
\extrarowheight=\dimen274
\NC@list=\toks37
\extratabsurround=\skip58
\backup@length=\skip59
\ar@cellbox=\box105
)
\c@longenumi=\count287
\c@longenumii=\count288
\c@longenumiii=\count289
\c@longenumiv=\count290
\c@longenumv=\count291
\c@longenumvi=\count292
\c@longenumvii=\count293
\c@longenumviii=\count294
\c@longenumix=\count295
\c@longenumx=\count296
\c@longenumxi=\count297
\c@longenumxii=\count298
\c@longenumxiii=\count299
\c@longenumxiv=\count300
\c@longenumxv=\count301
\c@longenumxvi=\count302
\c@longenumxvii=\count303
\c@longenumxviii=\count304
\c@longenumxix=\count305
\c@longenumxx=\count306
\enitdp@longenum=\count307

("C:\Program Files\MiKTeX 2.9\tex/latex/lm\lmodern.sty"
Package: lmodern 2009/10/30 v1.6 Latin Modern Fonts
LaTeX Font Info:    Overwriting symbol font `operators' in version `normal'
(Font)                  OT1/cmr/m/n --> OT1/lmr/m/n on input line 22.
LaTeX Font Info:    Overwriting symbol font `letters' in version `normal'
(Font)                  OML/cmm/m/it --> OML/lmm/m/it on input line 23.
LaTeX Font Info:    Overwriting symbol font `symbols' in version `normal'
(Font)                  OMS/cmsy/m/n --> OMS/lmsy/m/n on input line 24.
LaTeX Font Info:    Overwriting symbol font `largesymbols' in version `normal'
(Font)                  OMX/cmex/m/n --> OMX/lmex/m/n on input line 25.
LaTeX Font Info:    Overwriting symbol font `operators' in version `bold'
(Font)                  OT1/cmr/bx/n --> OT1/lmr/bx/n on input line 26.
LaTeX Font Info:    Overwriting symbol font `letters' in version `bold'
(Font)                  OML/cmm/b/it --> OML/lmm/b/it on input line 27.
LaTeX Font Info:    Overwriting symbol font `symbols' in version `bold'
(Font)                  OMS/cmsy/b/n --> OMS/lmsy/b/n on input line 28.
LaTeX Font Info:    Overwriting symbol font `largesymbols' in version `bold'
(Font)                  OMX/cmex/m/n --> OMX/lmex/m/n on input line 29.
LaTeX Font Info:    Overwriting math alphabet `\mathbf' in version `normal'
(Font)                  OT1/cmr/bx/n --> OT1/lmr/bx/n on input line 31.
LaTeX Font Info:    Overwriting math alphabet `\mathsf' in version `normal'
(Font)                  OT1/cmss/m/n --> OT1/lmss/m/n on input line 32.
LaTeX Font Info:    Overwriting math alphabet `\mathit' in version `normal'
(Font)                  OT1/cmr/m/it --> OT1/lmr/m/it on input line 33.
LaTeX Font Info:    Overwriting math alphabet `\mathtt' in version `normal'
(Font)                  OT1/cmtt/m/n --> OT1/lmtt/m/n on input line 34.
LaTeX Font Info:    Overwriting math alphabet `\mathbf' in version `bold'
(Font)                  OT1/cmr/bx/n --> OT1/lmr/bx/n on input line 35.
LaTeX Font Info:    Overwriting math alphabet `\mathsf' in version `bold'
(Font)                  OT1/cmss/bx/n --> OT1/lmss/bx/n on input line 36.
LaTeX Font Info:    Overwriting math alphabet `\mathit' in version `bold'
(Font)                  OT1/cmr/bx/it --> OT1/lmr/bx/it on input line 37.
LaTeX Font Info:    Overwriting math alphabet `\mathtt' in version `bold'
(Font)                  OT1/cmtt/m/n --> OT1/lmtt/m/n on input line 38.
)
("C:\Program Files\MiKTeX 2.9\tex/latex/base\fontenc.sty"
Package: fontenc 2020/02/11 v2.0o Standard LaTeX package
LaTeX Font Info:    Trying to load font information for T1+lmss on input line 1
12.

("C:\Program Files\MiKTeX 2.9\tex/latex/lm\t1lmss.fd"
File: t1lmss.fd 2009/10/30 v1.6 Font defs for Latin Modern
))
("C:\Program Files\MiKTeX 2.9\tex/latex/hyphenat\hyphenat.sty"
Package: hyphenat 2009/09/02 v2.3c hyphenation utilities
\langwohyphens=\language78
LaTeX Info: Redefining \_ on input line 43.
)
\@indexfile=\write5
\openout5 = `Unified_Docs.idx'.


Writing index file Unified_Docs.idx
("C:\Program Files\MiKTeX 2.9\tex/latex/l3backend\l3backend-pdfmode.def"
File: l3backend-pdfmode.def 2020-02-03 L3 backend support: PDF mode
\l__kernel_color_stack_int=\count308
\l__pdf_internal_box=\box106
)
(Unified_Docs.aux (Constitution/Constitution.aux) (Bylaw/Bylaws.aux

LaTeX Warning: Label `foot:ast' multiply defined.


LaTeX Warning: Label `foot:ast' multiply defined.

) (Elections/Elections_Table.aux) (Bylaw/Bylaws_Post_Election_Table.aux

LaTeX Warning: Label `foot:ast' multiply defined.


LaTeX Warning: Label `foot:ast' multiply defined.


LaTeX Warning: Label `foot:ast' multiply defined.


LaTeX Warning: Label `foot:ast' multiply defined.


LaTeX Warning: Label `foot:ast' multiply defined.


LaTeX Warning: Label `foot:ast' multiply defined.


LaTeX Warning: Label `foot:ast' multiply defined.


LaTeX Warning: Label `foot:ast' multiply defined.


LaTeX Warning: Label `foot:ast' multiply defined.


LaTeX Warning: Label `foot:ast' multiply defined.


LaTeX Warning: Label `foot:ast' multiply defined.


LaTeX Warning: Label `foot:ast' multiply defined.


LaTeX Warning: Label `foot:ast' multiply defined.


LaTeX Warning: Label `foot:ast' multiply defined.

) (Operations_Policy/Conflict_of_Interest.aux)
(Operations_Policy/Discipline_Code_2018.aux) (Operations_Policy/Elections.aux

LaTeX Warning: Label `foot:ast' multiply defined.


LaTeX Warning: Label `foot:ast' multiply defined.


LaTeX Warning: Label `foot:ast' multiply defined.


LaTeX Warning: Label `foot:ast' multiply defined.


LaTeX Warning: Label `foot:ast' multiply defined.


LaTeX Warning: Label `foot:ast' multiply defined.


LaTeX Warning: Label `foot:ast' multiply defined.

) (Operations_Policy/Minutes_2018.aux

LaTeX Warning: Label `foot:ast' multiply defined.

) (Operations_Policy/Procurement.aux)
(Position_Statements/Position_Statements.aux

LaTeX Warning: Label `foot:ast' multiply defined.

) (Committee_Documents/Academic.aux) (Committee_Documents/BSC.aux)
(Committee_Documents/BCC.aux) (Committee_Documents/Equity.aux)
(Committee_Documents/Executive.aux) (Committee_Documents/Finance.aux)
(Committee_Documents/GCC.aux) (Committee_Documents/Gradcast.aux)
(Committee_Documents/GPS.aux) (Committee_Documents/GSIC.aux)
(Committee_Documents/GSTA.aux) (Committee_Documents/HPC.aux)
(Committee_Documents/IGSIC.aux) (Committee_Documents/OSC.aux)
(Committee_Documents/Policy.aux) (Committee_Documents/Sustainability.aux)
(Rulings/July2013.aux) (Rulings/Nov2014.aux) (Rulings/Nov2017.aux)
(Rulings/Nov2019.aux) (Rulings/Nov2019b.aux) (Rulings/Jan2022.aux))
\openout1 = `Unified_Docs.aux'.

LaTeX Font Info:    Checking defaults for OML/cmm/m/it on input line 152.
LaTeX Font Info:    ... okay on input line 152.
LaTeX Font Info:    Checking defaults for OMS/cmsy/m/n on input line 152.
LaTeX Font Info:    ... okay on input line 152.
LaTeX Font Info:    Checking defaults for OT1/cmr/m/n on input line 152.
LaTeX Font Info:    ... okay on input line 152.
LaTeX Font Info:    Checking defaults for T1/cmr/m/n on input line 152.
LaTeX Font Info:    ... okay on input line 152.
LaTeX Font Info:    Checking defaults for TS1/cmr/m/n on input line 152.
LaTeX Font Info:    ... okay on input line 152.
LaTeX Font Info:    Checking defaults for OMX/cmex/m/n on input line 152.
LaTeX Font Info:    ... okay on input line 152.
LaTeX Font Info:    Checking defaults for U/cmr/m/n on input line 152.
LaTeX Font Info:    ... okay on input line 152.

*geometry* driver: auto-detecting
*geometry* detected driver: pdftex
*geometry* verbose mode - [ preamble ] result:
* driver: pdftex
* paper: letterpaper
* layout: <same size as paper>
* layoutoffset:(h,v)=(0.0pt,0.0pt)
* modes: 
* h-part:(L,W,R)=(72.26999pt, 469.75502pt, 72.26999pt)
* v-part:(T,H,B)=(72.26999pt, 650.43001pt, 72.26999pt)
* \paperwidth=614.295pt
* \paperheight=794.96999pt
* \textwidth=469.75502pt
* \textheight=650.43001pt
* \oddsidemargin=0.0pt
* \evensidemargin=0.0pt
* \topmargin=-31.8738pt
* \headheight=12.0pt
* \headsep=19.8738pt
* \topskip=12.0pt
* \footskip=30.0pt
* \marginparwidth=47.0pt
* \marginparsep=7.0pt
* \columnsep=10.0pt
* \skip\footins=10.8pt plus 4.0pt minus 2.0pt
* \hoffset=0.0pt
* \voffset=0.0pt
* \mag=1000
* \@twocolumnfalse
* \@twosidefalse
* \@mparswitchfalse
* \@reversemarginfalse
* (1in=72.27pt=25.4mm, 1cm=28.453pt)

("C:\Program Files\MiKTeX 2.9\tex/context/base/mkii\supp-pdf.mkii"
[Loading MPS to PDF converter (version 2006.09.02).]
\scratchcounter=\count309
\scratchdimen=\dimen275
\scratchbox=\box107
\nofMPsegments=\count310
\nofMParguments=\count311
\everyMPshowfont=\toks38
\MPscratchCnt=\count312
\MPscratchDim=\dimen276
\MPnumerator=\count313
\makeMPintoPDFobject=\count314
\everyMPtoPDFconversion=\toks39
) ("C:\Program Files\MiKTeX 2.9\tex/latex/epstopdf-pkg\epstopdf-base.sty"
Package: epstopdf-base 2020-01-24 v2.11 Base part for package epstopdf

("C:\Program Files\MiKTeX 2.9\tex/generic/infwarerr\infwarerr.sty"
Package: infwarerr 2019/12/03 v1.5 Providing info/warning/error messages (HO)
)
("C:\Program Files\MiKTeX 2.9\tex/latex/grfext\grfext.sty"
Package: grfext 2019/12/03 v1.3 Manage graphics extensions (HO)

("C:\Program Files\MiKTeX 2.9\tex/generic/kvdefinekeys\kvdefinekeys.sty"
Package: kvdefinekeys 2019-12-19 v1.6 Define keys (HO)
))
("C:\Program Files\MiKTeX 2.9\tex/latex/pdftexcmds\pdftexcmds.sty"
Package: pdftexcmds 2019/11/24 v0.31 Utility functions of pdfTeX for LuaTeX (HO
)
Package pdftexcmds Info: \pdf@primitive is available.
Package pdftexcmds Info: \pdf@ifprimitive is available.
Package pdftexcmds Info: \pdfdraftmode found.
)
Package epstopdf-base Info: Redefining graphics rule for `.eps' on input line 4
85.
Package grfext Info: Graphics extension search list:
(grfext)             [.pdf,.png,.jpg,.mps,.jpeg,.jbig2,.jb2,.PDF,.PNG,.JPG,.JPE
G,.JBIG2,.JB2,.eps]
(grfext)             \AppendGraphicsExtensions on input line 504.
)
ABD: EveryShipout initializing macros

Package todonotes Warning: The length marginparwidth is less than 2cm and will 
most likely cause issues with the appearance of inserted todonotes. The issue c
an be solved by adding a line like \setlength {\marginparwidth }{2cm} prior to 
loading the todonotes package. on input line 152.

LaTeX Font Info:    Trying to load font information for OT1+lmr on input line 1
56.
("C:\Program Files\MiKTeX 2.9\tex/latex/lm\ot1lmr.fd"
File: ot1lmr.fd 2009/10/30 v1.6 Font defs for Latin Modern
)
LaTeX Font Info:    Trying to load font information for OML+lmm on input line 1
56.

("C:\Program Files\MiKTeX 2.9\tex/latex/lm\omllmm.fd"
File: omllmm.fd 2009/10/30 v1.6 Font defs for Latin Modern
)
LaTeX Font Info:    Trying to load font information for OMS+lmsy on input line 
156.

("C:\Program Files\MiKTeX 2.9\tex/latex/lm\omslmsy.fd"
File: omslmsy.fd 2009/10/30 v1.6 Font defs for Latin Modern
)
LaTeX Font Info:    Trying to load font information for OMX+lmex on input line 
156.

("C:\Program Files\MiKTeX 2.9\tex/latex/lm\omxlmex.fd"
File: omxlmex.fd 2009/10/30 v1.6 Font defs for Latin Modern
)
LaTeX Font Info:    External font `lmex10' loaded for size
(Font)              <12> on input line 156.
LaTeX Font Info:    External font `lmex10' loaded for size
(Font)              <8> on input line 156.
LaTeX Font Info:    External font `lmex10' loaded for size
(Font)              <6> on input line 156.
LaTeX Font Info:    Trying to load font information for TS1+lmss on input line 
156.

("C:\Program Files\MiKTeX 2.9\tex/latex/lm\ts1lmss.fd"
File: ts1lmss.fd 2009/10/30 v1.6 Font defs for Latin Modern
)
LaTeX Font Info:    External font `lmex10' loaded for size
(Font)              <10> on input line 156.
LaTeX Font Info:    External font `lmex10' loaded for size
(Font)              <7> on input line 156.
LaTeX Font Info:    External font `lmex10' loaded for size
(Font)              <5> on input line 156.
<logo.jpg, id=28, 67.75313pt x 123.46124pt>
File: logo.jpg Graphic file (type jpg)
<use logo.jpg>
Package pdftex.def Info: logo.jpg  used on input line 156.
(pdftex.def)             Requested size: 67.75294pt x 123.46092pt.
LaTeX Font Info:    Trying to load font information for T1+lmr on input line 15
6.

("C:\Program Files\MiKTeX 2.9\tex/latex/lm\t1lmr.fd"
File: t1lmr.fd 2009/10/30 v1.6 Font defs for Latin Modern
)

LaTeX Font Warning: Font shape `T1/lmss/m/sc' in size <12> not available
(Font)              Font shape `T1/lmr/m/sc' tried instead on input line 156.


LaTeX Font Warning: Font shape `T1/lmss/m/scit' undefined
(Font)              using `T1/lmss/m/it' instead on input line 156.

LaTeX Font Info:    Font shape `T1/lmss/m/it' in size <12> not available
(Font)              Font shape `T1/lmss/m/sl' tried instead on input line 156.
[1{C:/Users/Acer/AppData/Local/MiKTeX/2.9/pdftex/config/pdftex.map}

 <./logo.jpg>] (Unified_Docs.toc [2

] [3] [4])
\tf@toc=\write6
\openout6 = `Unified_Docs.toc'.

 [5]
Chapter 1.

Overfull \hbox (17.62482pt too wide) in paragraph at lines 164--165
[][] 
 []

File: logo.jpg Graphic file (type jpg)
<use logo.jpg>
Package pdftex.def Info: logo.jpg  used on input line 168.
(pdftex.def)             Requested size: 67.75294pt x 123.46092pt.
[6

]
\openout2 = `Constitution/Constitution.aux'.

 (Constitution/Constitution.tex [7

] [8] [9] [10] [11]
Overfull \hbox (15.05783pt too wide) in paragraph at lines 103--104
[]\T1/lmss/m/n/12 participation in So-ci-ety pro-grams which pro-hibit the par-
tic-i-pa-tion of leave-of-absence
 []


Overfull \hbox (1.75885pt too wide) in paragraph at lines 107--108
[]\T1/lmss/m/n/12 satisfying the re-quire-ments for leave-of-absence mem-ber-sh
ip from Sec-tion 1.5.3.1,
 []

[12] [13]
Overfull \hbox (28.61154pt too wide) in paragraph at lines 142--143
[]\T1/lmss/m/n/12 Council shall be re-spon-si-ble for de-ter-min-ing mat-ters o
f pol-icy and su-per-vis-ing the ad-mi-nis-tra-tion
 []


Overfull \hbox (1.70105pt too wide) in paragraph at lines 147--149
[]\T1/lmss/m/n/12 Enrolment for the fall term shall de-ter-mine the num-ber of 
rep-re-sen-ta-tives each de-part-ment
 []


Overfull \hbox (18.93445pt too wide) in paragraph at lines 147--149
\T1/lmss/m/n/12 (or pro-gram) shall have on Coun-cil for the aca-demic year. Th
e spe-cific num-ber of rep-re-sen-ta-tives
 []

[14]
Overfull \hbox (9.60587pt too wide) in paragraph at lines 181--182
[]\T1/lmss/m/n/12 The Ex-ec-u-tive shall, at its dis-cre-tion, call a meet-ing 
of all Ex-ec-u-tive Of-fi-cers, Com-mis-sion-ers
 []

(Elections/Term_limits.tex)
Overfull \hbox (2.51746pt too wide) in paragraph at lines 196--197
[]\T1/lmss/m/n/12 Only full, as-so-ciate, and leave-of-absence mem-bers of the 
So-ci-ety may vote on com-mit-tees
 []


Overfull \hbox (1.58527pt too wide) in paragraph at lines 196--197
\T1/lmss/m/n/12 es-tab-lished by the So-ci-ety. Only vot-ing mem-bers shall cou
nt for quo-rum on such com-mit-tees. 
 []

[15] [16] [17])
Chapter 2.
File: logo.jpg Graphic file (type jpg)
<use logo.jpg>
Package pdftex.def Info: logo.jpg  used on input line 178.
(pdftex.def)             Requested size: 67.75294pt x 123.46092pt.

Overfull \hbox (17.62482pt too wide) in paragraph at lines 175--180
[][]
 []

[18


]
\openout2 = `Bylaw/Bylaws.aux'.

 (Bylaw/Bylaws.tex
Overfull \hbox (4.24371pt too wide) in paragraph at lines 13--14
[]\T1/lmss/m/n/12 are in-formed that re-mu-ner-a-tion is avail-able for a com-m
it-tee chair, but is de-pen-dent
 []


Overfull \hbox (11.30719pt too wide) in paragraph at lines 21--22
[]\T1/lmss/m/n/12 shall not oc-cupy a vot-ing po-si-tion on any com-mit-tee, ex
-cept-ing ex--officio vot-ing per-mis-sions
 []


Overfull \hbox (11.89024pt too wide) in paragraph at lines 23--26
[]\T1/lmss/m/n/12 shall not serve as chair of any com-mit-tee, ex-cept when ele
ct-ing a in-terim chair-per-son
 []


Overfull \hbox (8.27895pt too wide) in paragraph at lines 34--35
[]\T1/lmss/m/n/12 shall, upon elec-tion, pro-vide the of-fice of the So-ci-ety 
with up--to--date con-tact in-for-ma-tion.
 []

[19

]
Overfull \hbox (8.7719pt too wide) in paragraph at lines 69--72
[]\T1/lmss/m/n/12 The Pres-i-dent shall, as ap-pro-pri-ate, call a meet-ing of 
all Ex-ec-u-tive Of-fi-cers, Com-mis-sion-ers
 []

[20]
Overfull \hbox (8.4994pt too wide) in paragraph at lines 84--85
[]\T1/lmss/m/n/12 shall rec-om-mend, in con-sul-ta-tion with the cor-re-spond-i
ng ex-ec-u-tive mem-bers, the award-ing
 []


Overfull \hbox (12.06393pt too wide) in paragraph at lines 106--107
[]\T1/lmss/m/n/12 shall en-sure rep-re-sen-ta-tion of grad-u-ate stu-dent in-te
r-ests and con-cerns with academic-related
 []


Overfull \hbox (65.43297pt too wide) in paragraph at lines 107--108
\T1/lmss/m/n/12 SOGS Ex-ec-u-tive, staff, Grad-u-ate Peer Ad-vi-sor on Aca-demi
c Mat-ters, rel-e-vant com-mit-tees/commissioners,
 []


Overfull \hbox (20.18716pt too wide) in paragraph at lines 109--110
\T1/lmss/m/n/12 Ex-pe-ri-ence to dis-cuss aca-demic is-sues and col-lab-o-rate 
on aca-demic and pro-fes-sional de-vel-op-ment
 []

[21]
Overfull \hbox (7.4104pt too wide) in paragraph at lines 135--139
[]\T1/lmss/m/n/12 shall work in part-ner-ship with Graduate-relevant ser-vices 
(e.g. SGPS Ori-en-ta-tion, Grad-u-ate
 []


Overfull \hbox (1.83229pt too wide) in paragraph at lines 139--141
[]\T1/lmss/m/n/12 shall con-sult with the So-ci-ety Com-mu-ni-ca-tions Ad-min-i
s-tra-tor on the Grad-u-ate Ori-en-ta-tion
 []

[22]
Overfull \hbox (5.13884pt too wide) in paragraph at lines 165--169
[]\T1/lmss/m/n/12 shall, with the Pres-i-dent, and with Coun-cil's ap-proval, b
e re-spon-si-ble for the ad-mi-nis-tra-tion
 []

[23] [24]
Overfull \hbox (1.0349pt too wide) in paragraph at lines 233--235
[]\T1/lmss/m/n/12 shall de-ter-mine the num-ber of de-part-men-tal and part-tim
e rep-re-sen-ta-tives and co-ordinate
 []


Overfull \hbox (4.20877pt too wide) in paragraph at lines 246--248
\T1/lmss/m/n/12 of-fi-cial sum-mary of Robert's Rules, de-scrip-tions of the co
m-mit-tees of the So-ci-ety, de-scrip-tions
 []

[25]
Overfull \hbox (0.33524pt too wide) in paragraph at lines 290--292
[]\T1/lmss/m/n/12 be re-spon-si-ble for over-see-ing in-ves-ti-ga-tions of cam-
paign im-pro-pri-eties and charges
 []


Overfull \hbox (1.52524pt too wide) in paragraph at lines 292--295
[]\T1/lmss/m/n/12 vacate the po-si-tion of DCRO in any pres-i-den-tial elec-tio
n or pres-i-den-tial by-election
 []

[26]
Overfull \hbox (22.23872pt too wide) in paragraph at lines 300--302
[]\T1/lmss/m/n/12 The Ex-ec-u-tive and Coun-cil shall have the au-thor-ity to c
re-ate, dis-solve, or amend Com-mis-sioner
 []


Overfull \hbox (20.1041pt too wide) in paragraph at lines 318--320
[]\T1/lmss/m/n/12 The Com-mis-sioner's con-stituency mem-ber-ship is de-fined a
s So-ci-ety mem-bers who self-identify
 []


Overfull \hbox (3.0107pt too wide) in paragraph at lines 318--320
\T1/lmss/m/n/12 as mem-bers of the con-stituency com-mu-nity (e.g. a meet-ing c
alled by the Pride Com-mis-sioner
 []


Overfull \hbox (8.7714pt too wide) in paragraph at lines 328--330
[]\T1/lmss/m/n/12 foster a sense of com-mu-nity and build re-la-tions within th
e con-stituency mem-ber-ship
 []

[27]
Overfull \hbox (25.15204pt too wide) in paragraph at lines 353--354
[]\T1/lmss/m/n/12 determine pro-ce-dure ac-cord-ing to the par-tic-u-lar needs 
of the con-stituency mem-ber-ship. 
 []

LaTeX Font Info:    External font `lmex10' loaded for size
(Font)              <14.4> on input line 373.
[28]
Overfull \hbox (12.46222pt too wide) in paragraph at lines 373--373
[]\T1/lmss/m/n/12 compile and main-tain an on-line database of en-vi-ron-ment a
nd sus-tain-abil-ity re-sources
 []


Overfull \hbox (0.92163pt too wide) in paragraph at lines 373--373
[]\T1/lmss/m/n/12 support ed-u-ca-tion of SOGS mem-bers about en-vi-ron-ment an
d sus-tain-abil-ity is-sues,
 []


Overfull \hbox (6.48044pt too wide) in paragraph at lines 399--400
[]\T1/lmss/m/n/12 update the So-ci-ety's Con-sti-tu-tion, By-laws, Pol-icy, and
 Speaker's Rul-ings doc-u-ment
 []

[29] [30]
Overfull \hbox (15.61336pt too wide) in paragraph at lines 421--422
\T1/lmss/m/n/12 grad-u-ate stu-dent or-gan-iza-tion ex-ists, be se-lected by th
at or-gan-iza-tion, which shall com-mu-ni-cate
 []

[31] (Elections/General_Election_Bylaw.tex
Overfull \hbox (6.4796pt too wide) in paragraph at lines 27--28
[]\T1/lmss/m/n/12 An Ap-peals Re-view Com-mis-sion Hear-ing shall re-quest the 
ap-pear-ance of in-di-vid-u-als
 []


Overfull \hbox (0.85223pt too wide) in paragraph at lines 32--33
[]\T1/lmss/m/n/12 The pro-ce-dure and han-dling of ev-i-dence at an Ap-peals Re
-view Com-mis-sion
 []

[32] [33]
Overfull \hbox (7.90782pt too wide) in paragraph at lines 122--123
\T1/lmss/m/n/12 Im-pro-pri-ety and Ap-peals), where the CRO has de-ter-mined th
at an act of cam-paign im-pro-pri-ety
 []

) [34]
Overfull \hbox (0.40962pt too wide) in paragraph at lines 462--464
[]\T1/lmss/m/n/12 Nominations for all Vice-Presidential po-si-tions shall close
 at the Coun-cil pack-age dead-line.
 []

[35] [36]
Overfull \hbox (3.5016pt too wide) in paragraph at lines 491--492
\T1/lmss/m/n/12 re-quired to va-cate the po-si-tion prior to the com-ple-tion o
f their term, a tem-po-rary re-place-ment
 []

[37] [38]
Overfull \hbox (0.6631pt too wide) in paragraph at lines 584--585
[]\T1/lmss/m/n/12 by a mem-ber elected Speaker pro tem at a Coun-cil meet-ing. 
The Pres-i-dent
 []

[39] [40] [41]
Underfull \hbox (badness 10000) in paragraph at lines 693--694

 []


Overfull \hbox (9.18173pt too wide) in paragraph at lines 696--697
[]\T1/lmss/m/n/12 Departments or Pro-grams with-out a duly con-sti-tuted Grad-u
-ate Stu-dent As-so-ci-a-tion
 []

[42] [43]
Overfull \hbox (9.53683pt too wide) in paragraph at lines 773--774
[]\T1/lmss/m/n/12 The po-si-tion va-cated by re-call shall be filled ac-cord-in
g to the ap-pro-pri-ate by-election
 []

[44])
\openout2 = `Elections/Elections_Table.aux'.

 (Elections/Elections_Table.tex
Overfull \hbox (18.75488pt too wide) in paragraph at lines 6--24
 [][] 
 []

[45


])
\openout2 = `Bylaw/Bylaws_Post_Election_Table.aux'.

 (Bylaw/Bylaws_Post_Election_Table.tex [46


]
Overfull \hbox (5.86183pt too wide) in paragraph at lines 64--65
[]\T1/lmss/m/n/12 The Of-fi-cial Li-ai-son shall be con-sid-ered an ex-officio,
 non-voting mem-ber of the com-mit-tee.[][] 
 []


Overfull \hbox (3.85255pt too wide) in paragraph at lines 81--82
[]\T1/lmss/m/n/12 Each com-mit-tee shall have a Com-mit-tee Pol-icy doc-u-ment,
 dis-tinct from other com-mit-tees'
 []

[47] [48]
Overfull \hbox (2.17496pt too wide) in paragraph at lines 153--154
[]\T1/lmss/m/n/12 shall rec-om-mend the fee(s) to be levied on full, as-so-ciat
e, and leave-of-absence mem-bers
 []

[49]
Overfull \hbox (4.44356pt too wide) in paragraph at lines 173--174
[]\T1/lmss/m/n/12 shall mon-i-tor spend-ing and con-sider amend-ments to the Gr
ad Club bud-get for sub-mis-sion
 []


Overfull \hbox (6.97331pt too wide) in paragraph at lines 194--197
[]\T1/lmss/m/n/12 shall over-see and up-date, in con-sul-ta-tion with the So-ci
-ety Com-mu-ni-ca-tions Ad-min-is-tra-tor
 []


Overfull \hbox (15.18828pt too wide) in paragraph at lines 194--197
\T1/lmss/m/n/12 and the Vice-President Ad-vo-cacy, the So-ci-ety In-ter-na-tion
al Grad-u-ate Stu-dent Is-sues Com-mit-tee
 []

[50]
Overfull \hbox (0.9878pt too wide) in paragraph at lines 197--198
\T1/lmss/m/n/12 In-ter-na-tional, the IESC, and the School of Grad-u-ate and Po
st-Doctoral Stud-ies, as nec-es-sary. 
 []

[51] [52]
Overfull \hbox (5.1897pt too wide) in paragraph at lines 324--325
[]\T1/lmss/m/n/12 shall dis-cuss and make rec-om-men-da-tions to Coun-cil on is
-sues af-fect-ing [][]grad[]-[]u[]-[]ate [][]stu[]-[]dents
 []

[53]
Overfull \hbox (19.85008pt too wide) in paragraph at lines 326--329
[]\T1/lmss/m/n/12 shall work to in-crease aware-ness of is-sues af-fect-ing [][
]women [][]and [][]trans[]-[]gen[]-[]dered [][]peo[]-[]ple[] []gen-der,
 []


Overfull \hbox (11.70634pt too wide) in paragraph at lines 326--329
\T1/lmss/m/n/12 sex-u-al-ity, and sex-ual vi-o-lence[][]  on cam-pus, par-tic-u
-larly within the grad-u-ate stu-dent com-mu-nity,
 []


Overfull \hbox (1.54027pt too wide) in paragraph at lines 350--350
\T1/lmss/m/n/12 par-tic-u-larly within the grad-u-ate stu-dent com-mu-nity, thr
ough events and pub-lic-ity cam-paigns; 
 []

[54] [55] [56]
Overfull \hbox (32.18266pt too wide) in paragraph at lines 404--408
\T1/lmss/m/n/12 on Coun-cil: the Ac-count-ing Man-ager, Ad-min-is-tra-tive Co-o
r-di-na-tor, Com-mu-ni-ca-tions Ad-min-is-tra-tor,
 []

[57]
Overfull \hbox (3.87836pt too wide) in paragraph at lines 423--425
[]\T1/lmss/m/n/12 An Ex-ec-u-tive or Non-Executive Of-fi-cer (ex-clud-ing Com-m
is-sion-ers, Deputy Speaker,
 []


Overfull \hbox (6.74786pt too wide) in paragraph at lines 432--433
[]\T1/lmss/m/n/12 Recuse one-self from all par-tic-i-pa-tion, in-clud-ing ad-mi
n-is-tra-tive, in the ac-tiv-ity
 []

[58] [59]
Overfull \hbox (8.8447pt too wide) in paragraph at lines 481--484
[]\T1/lmss/m/n/12 Any in-crease over and above the max-i-mum in-creases listed 
above shall be in-tro-duced
 []

[60] [61] [62] [63] [64] [65]
Overfull \hbox (15.91151pt too wide) in paragraph at lines 691--692
[]\T1/lmss/m/n/12 Filled-seat Al-ter-nate Coun-cil-lor, who re-places a Coun-ci
l-lor from their de-part-ment/unit
 []

[66]
Overfull \hbox (1.37724pt too wide) in paragraph at lines 720--721
\T1/lmss/m/n/12 will be the re-sult of the cal-cu-la-tion in 2.15.3.16.2.1. mul
-ti-plied by the de-part-ment's
 []

[67] [68] [69] [70] [71]
Overfull \hbox (10.0102pt too wide) in paragraph at lines 827--828
\T1/lmss/m/n/12 notwith-stand-ing the right granted by the Con-sti-tu-tion of t
he So-ci-ety and notwith-stand-ing
 []

[72]
Overfull \hbox (4.20718pt too wide) in paragraph at lines 839--840
[]\T1/lmss/m/n/12 A mem-ber of the Ex-ec-u-tive may be pro-hib-ited from sign-i
ng or en-dors-ing con-tracts
 []

[73] [74]
Overfull \hbox (28.99516pt too wide) in paragraph at lines 858--858
|[]\T1/lmss/bx/n/17.28 Dissemination of Amend-ments to the So-ci-ety's Gov-ern-
ing
 []


Overfull \hbox (10.42212pt too wide) in paragraph at lines 863--864
[]\T1/lmss/m/n/12 Enforcement of amend-ments dur-ing the Im-ple-men-ta-tion Pha
se shall be lim-ited to cor-rec-tions
 []

[75])
Chapter 3.
[76


]
\openout2 = `Operations_Policy/Conflict_of_Interest.aux'.

 (Operations_Policy/Conflict_of_Interest.tex [77

]
Overfull \hbox (6.13261pt too wide) in paragraph at lines 28--29
\T1/lmss/m/n/12 (non-voting), the Om-budsper-son (non-voting), and three other 
So-ci-ety mem-bers rep-re-sent-ing
 []


Overfull \hbox (14.96733pt too wide) in paragraph at lines 29--30
[]\T1/lmss/m/n/12 The tri-bunal shall as-sem-ble within seven (7) busi-ness day
s, bar-ring un-fore-seen cir-cum-stances,
 []


Overfull \hbox (4.5775pt too wide) in paragraph at lines 38--39
[]\T1/lmss/m/n/12 The con-flicted in-di-vid-ual be asked to cease par-tic-i-pat
-ing in the sit-u-a-tion gen-er-at-ing
 []


Overfull \hbox (4.5775pt too wide) in paragraph at lines 44--45
[]\T1/lmss/m/n/12 The con-flicted in-di-vid-ual be asked to cease par-tic-i-pat
-ing in the sit-u-a-tion gen-er-at-ing
 []

[78]
Overfull \hbox (6.40924pt too wide) in paragraph at lines 47--48
[]\T1/lmss/m/n/12 The con-flicted in-di-vid-ual may be cen-sured and face ad-di
-tional dis-ci-plinary mea-sures
 []


Overfull \hbox (39.0327pt too wide) in paragraph at lines 52--53
[]\T1/lmss/m/n/12 In all in-stances where a judge-ment is be-ing prof-fered, ra
ther than a mere rec-om-men-da-tion,
 []


Overfull \hbox (15.88943pt too wide) in paragraph at lines 54--55
[]\T1/lmss/m/n/12 Recommendations, pro-vided they achieve a res-o-lu-tion, need
 not be for-mal-ized
 []

) [79]
\openout2 = `Operations_Policy/Discipline_Code_2018.aux'.

 (Operations_Policy/Discipline_Code_2018.tex
Overfull \hbox (4.58281pt too wide) in paragraph at lines 7--8
\T1/lmss/m/n/12 con-di-tional upon the ful-fil-ment of this re-spon-si-bil-ity 
and mem-bers must fa-mil-iar-ize them-selves
 []

[80


] [81]
Overfull \hbox (12.4832pt too wide) in paragraph at lines 58--59
[]\T1/lmss/m/n/12 Misappropriation, dam-age, unau-tho-rized pos-ses-sion, de-fa
ce-ment and/or de-struc-tion
 []


Overfull \hbox (28.26917pt too wide) in paragraph at lines 64--66
[]\T1/lmss/m/n/12 Forging, al-ter-ing or mis-us-ing any doc-u-ment, record, car
d or in-stru-ment of iden-ti-fi-ca-tion. 
 []

[82]
Overfull \hbox (0.5586pt too wide) in paragraph at lines 80--81
[]\T1/lmss/m/n/12 If needed to en-sure the Mem-ber's own phys-i-cal or emo-tion
al safety and well-being;
 []

[83]
Overfull \hbox (2.65776pt too wide) in paragraph at lines 94--95
[]\T1/lmss/m/n/12 If the mem-ber does not re-spond to the al-le-ga-tion or does
 not meet with the Om-budsper-son
 []


Overfull \hbox (24.97095pt too wide) in paragraph at lines 99--100
[]\T1/lmss/m/n/12 The Om-budsper-son shall re-port an-nu-ally at the An-nual Ge
n-eral Meet-ing (AGM), sum-ma-riz-ing
 []


Overfull \hbox (4.63243pt too wide) in paragraph at lines 108--109
[]\T1/lmss/m/n/12 New ev-i-dence, not avail-able at the time of the ear-lier de
-ci-sion, has been dis-cov-ered,
 []

[84]
Overfull \hbox (0.1757pt too wide) in paragraph at lines 126--127
[]\T1/lmss/m/n/12 Name, stu-dent num-ber, email ad-dress, cur-rent phone num-be
r, and cur-rent
 []


Overfull \hbox (28.18634pt too wide) in paragraph at lines 139--140
\T1/lmss/m/n/12 against whom the de-ci-sion has been made (Ap-pel-lant) and the
 Om-budsper-son (Re-spon-dent). 
 []

[85]
Overfull \hbox (1.1254pt too wide) in paragraph at lines 143--144
[]\T1/lmss/m/n/12 Constitute a Panel of at least three (3) mem-bers in-clud-ing
 the chair-per-son.
 []

[86]) [87]
\openout2 = `Operations_Policy/Elections.aux'.

 (Operations_Policy/Elections.tex
Overfull \hbox (18.09604pt too wide) in paragraph at lines 12--13
[]\T1/lmss/m/n/12 Any mem-ber who joins the Ap-peals Re-view Com-mis-sion or Ap
-peals Re-view Com-mis-sion
 []


Overfull \hbox (0.77249pt too wide) in paragraph at lines 23--24
[][]\T1/lmss/m/n/12 first [][]Mon[]-[]day [][]in [][]Febru[]-[]ary [][]and [][]
close [][]af[]-[]ter [][]ten [][](10) [][]con[]-[]sec[]-[]u[]-[]tive [][]busi[]
-[]ness [][]days[] []im-me-di-ately
 []


Overfull \hbox (5.43675pt too wide) in paragraph at lines 23--24
\T1/lmss/m/n/12 fol-low-ing the clo-sure of the first nom-i-na-tion pe-riod and
 re-close af-ter five (5) con-sec-u-tive
 []

[88


]
Overfull \hbox (1.26022pt too wide) in paragraph at lines 26--27
[]\T1/lmss/m/n/12 In the event that the elected Pres-i-dent is a de-part-men-ta
l or part-time rep-re-sen-ta-tive,
 []


Overfull \hbox (2.63312pt too wide) in paragraph at lines 26--27
\T1/lmss/m/n/12 de-part-men-tal rep-re-sen-ta-tive, Speaker or other Ex-ec-u-ti
ve mem-ber while be-ing Pres-i-dent. 
 []


Overfull \hbox (0.748pt too wide) in paragraph at lines 27--28
[]\T1/lmss/m/n/12 Actual trans-fer of sign-ing au-thor-ity and re-spon-si-bil-i
-ties of the Of-fice of the Pres-i-dent
 []

[89]
Overfull \hbox (0.72375pt too wide) in paragraph at lines 41--42
[]\T1/lmss/m/n/12 At that meet-ing an agree-ment will be signed by all par-ties
 wherein they ac-knowl-edge
 []


Overfull \hbox (9.02791pt too wide) in paragraph at lines 57--58
[]\T1/lmss/m/n/12 The polling pe-riod shall be de-ter-mined by the CRO, in ac-c
or-dance
 []

[90]
Overfull \hbox (3.74823pt too wide) in paragraph at lines 95--97
[]\T1/lmss/m/n/12 No can-di-date/referendum group or in-di-vid-ual mem-ber may,
 us-ing their own ini-tia-tive
 []

[91]
Overfull \hbox (1.65332pt too wide) in paragraph at lines 114--115
[]\T1/lmss/m/n/12 Warning  the CRO shall is-sue a warn-ing to the can-di-date 
via email re-gard-ing
 []

[92]) [93]
\openout2 = `Operations_Policy/Minutes_2018.aux'.

 (Operations_Policy/Minutes_2018.tex) [94


]
\openout2 = `Operations_Policy/Procurement.aux'.


(Operations_Policy/Procurement.tex
Overfull \hbox (7.3762pt too wide) in paragraph at lines 25--26
[]\T1/lmss/bx/n/12 Requisitioning Com-mit-tee: \T1/lmss/m/n/12 The com-mit-tee 
which pre-pares a pro-cure-ment pro-cess
 []


Overfull \hbox (13.08696pt too wide) in paragraph at lines 49--50
[]\T1/lmss/m/n/12 It is the re-spon-si-bil-ity of the Req-ui-si-tioner to en-su
re all pur-chases re-quir-ing com-pet-i-tive
 []

[95


]
Overfull \hbox (20.5849pt too wide) in paragraph at lines 67--68
[]\T1/lmss/m/n/12 For pur-chases of $5,001-$50,000, price quo-ta-tions must be 
so-licited by the Req-ui-si-tioner
 []


Overfull \hbox (0.86066pt too wide) in paragraph at lines 67--68
\T1/lmss/m/n/12 Req-ui-si-tioner may con-tact the sup-pli-ers di-rectly or en-l
ist the as-sis-tance of the Uni-ver-sity
 []


Overfull \hbox (13.3536pt too wide) in paragraph at lines 74--75
[]\T1/lmss/m/n/12 The Req-ui-si-tioner is re-spon-si-ble for pro-vid-ing for-ma
l Re-quest for Quo-ta-tion doc-u-ments
 []

[96]
Overfull \hbox (6.95744pt too wide) in paragraph at lines 97--98
[]\T1/lmss/m/n/12 Only the So-ci-ety's Pres-i-dent and the Of-fi-cial Li-ai-son
 to the Req-ui-si-tion-ing Com-mit-tee
 []

LaTeX Font Info:    Font shape `T1/lmss/bx/it' in size <12> not available
(Font)              Font shape `T1/lmss/bx/sl' tried instead on input line 110.

[97]
Overfull \hbox (7.49702pt too wide) in paragraph at lines 127--128
[]\T1/lmss/m/n/12 All qual-i-fy-ing bids shall be eval-u-ated. All bids and the
 ra-tio-nale of the Req-ui-si-tion-ing
 []


Overfull \hbox (6.8726pt too wide) in paragraph at lines 150--151
[]\T1/lmss/m/n/12 Once the grievance is filed, the Req-ui-si-tioner, the Ex-ec-
u-tive, and the Om-budsper-son
 []

[98]
Overfull \hbox (14.22508pt too wide) in paragraph at lines 166--167
[]\T1/lmss/m/n/12 The re-port shall in-clude: the rec-om-men-da-tion and ra-tio
-nale of the com-mit-tee,
 []


Overfull \hbox (27.20497pt too wide) in paragraph at lines 167--168
\T1/lmss/m/n/12 When se-lect-ing the ac-coun-tant, it is im-por-tant to con-sid
er ex-pe-ri-ence with or-ga-ni-za-tions
 []


Overfull \hbox (12.07417pt too wide) in paragraph at lines 167--168
\T1/lmss/m/n/12 sim-i-lar to the So-ci-ety: not-for-profit or-ga-ni-za-tions, m
em-ber-ships of sev-eral thou-sand,
 []

[99]) [100]
Chapter 4.
[101


]
\openout2 = `Position_Statements/Position_Statements.aux'.

 (Position_Statements/Position_Statements.tex
Overfull \hbox (4.74164pt too wide) in paragraph at lines 21--22
[]\T1/lmss/m/n/12 The So-ci-ety be-lieves that uni-ver-sity ed-u-ca-tion should
 be af-ford-able for all uni-ver-sity stu-dents. 
 []

[102

] [103]
Overfull \hbox (5.31404pt too wide) in paragraph at lines 58--74
 [][] 
 []

[104]
Overfull \hbox (7.94055pt too wide) in paragraph at lines 88--89
\T1/lmss/m/n/12 bus pass are el-i-gi-ble to re-ceive a re-fund of the re-place-
ment charge less a 5-dollar ad-mi-nis-tra-tion
 []

[105]) [106]
Chapter 5.
[107


]
\openout2 = `Committee_Documents/Academic.aux'.

 (Committee_Documents/Academic.tex
Overfull \hbox (8.23073pt too wide) in paragraph at lines 7--8
[]\T1/lmss/m/n/12 A Stand-ing Com-mit-tee (By-laws 2.9.5.1) of the So-ci-ety, t
he man-date of the Aca-demic Com-mit-tee
 []


Overfull \hbox (5.23022pt too wide) in paragraph at lines 40--41
[]\T1/lmss/m/n/12 Aside from the sched-uled meet-ings, on-line vot-ing is also 
per-mit-ted on the con-di-tion
 []

[108

]
Overfull \hbox (15.26486pt too wide) in paragraph at lines 43--44
[]\T1/lmss/m/n/12 Non-committee mem-bers may at-tend as non-voting guests if in
-vited by the chair. Com-mit-tee
 []


Overfull \hbox (1.05945pt too wide) in paragraph at lines 48--49
[]\T1/lmss/m/n/12 Promotions, Ad-ver-tise-ment and So-cial Me-dia Man-ager(s), 
who will be re-spon-si-ble
 []


Overfull \hbox (6.43854pt too wide) in paragraph at lines 65--66
[]\T1/lmss/m/n/12 Aiming to ap-peal to var-i-ous au-di-ences at the WRF, in-clu
d-ing un-der-grad-u-ate
 []


Overfull \hbox (1.67622pt too wide) in paragraph at lines 65--66
\T1/lmss/m/n/12 stu-dents, other grad-u-ate stu-dents, the West-ern Uni-ver-sit
y cam-pus, and the gen-eral
 []

[109]
Overfull \hbox (5.95721pt too wide) in paragraph at lines 72--73
[]\T1/lmss/m/n/12 February: Fi-nal-ize itinerary for WRF (e.g., con-firm speak-
ers and pre-sen-ters) 
 []


Overfull \hbox (4.90642pt too wide) in paragraph at lines 79--80
[]\T1/lmss/m/n/12 Abstracts will be sub-mit-ted and re-viewed through the Schol
-ar-ship@Western
 []


Overfull \hbox (6.50285pt too wide) in paragraph at lines 81--82
[]\T1/lmss/m/n/12 Conference pro-ceed-ings, ab-stracts, pho-tos, and any sup-pl
e-men-tary ma-te-rial
 []


Overfull \hbox (5.42671pt too wide) in paragraph at lines 81--82
\T1/lmss/m/n/12 will be up-loaded to the Schol-ar-ship@Western web-site within 
two (2) weeks fol-low-ing
 []

) [110]
\openout2 = `Committee_Documents/BSC.aux'.

 (Committee_Documents/BSC.tex [111


]
Overfull \hbox (22.79414pt too wide) in paragraph at lines 40--41
[]\T1/lmss/m/n/12 Committee mem-bers (in-clud-ing the Of-fi-cial Li-ai-son, Cha
ir-per-son, Deputy Chair-per-son,
 []


Overfull \hbox (15.26486pt too wide) in paragraph at lines 42--43
[]\T1/lmss/m/n/12 Non-committee mem-bers may at-tend as non-voting guests if in
-vited by the chair. Com-mit-tee
 []


Overfull \hbox (10.64787pt too wide) in paragraph at lines 43--45
[]\T1/lmss/m/n/12 Bylaw 1.6.5.1.[] the Chair-per-son, and vot-ing mem-bers may 
serve no more than 12 con-sec-u-tive
 []

[112]) [113]
\openout2 = `Committee_Documents/BCC.aux'.

 (Committee_Documents/BCC.tex [114


]
Overfull \hbox (1.39404pt too wide) in paragraph at lines 61--62
[]\T1/lmss/m/n/12 Submit busi-ness for con-sid-er-a-tion at Coun-cil on be-half
 of the By-laws
 []

[115]
Overfull \hbox (23.19585pt too wide) in paragraph at lines 76--77
[]\T1/lmss/m/n/12 Be pri-mar-ily con-cerned to fos-ter, or-ga-nize, and mo-bi-l
ize the par-tic-i-pa-tion
 []

[116]
Overfull \hbox (7.7827pt too wide) in paragraph at lines 110--111
[]\T1/lmss/m/n/12 In ac-cor-dance with the Con-sti-tu-tion of the So-ci-ety (1.
8.3), amend-ments to the Con-sti-tu-tion
 []


Overfull \hbox (5.05095pt too wide) in paragraph at lines 110--111
\T1/lmss/m/n/12 re-spec-tive doc-u-ment and an-nounced to the mem-ber-ship with
in two (2) months of rat-i-fi-ca-tion. 
 []

) [117]
\openout2 = `Committee_Documents/Equity.aux'.

 (Committee_Documents/Equity.tex
Overfull \hbox (8.35838pt too wide) in paragraph at lines 14--15
[]\T1/lmss/m/n/12 The So-ci-ety Com-mis-sion-ers sit as non-voting, ex-officio 
mem-bers of the com-mit-tee. 
 []


Overfull \hbox (14.16989pt too wide) in paragraph at lines 24--25
[]\T1/lmss/m/n/12 A Deputy Chair-per-son (if ap-pli-ca-ble), who shall as-sume 
the du-ties of the Chair-per-son
 []


Overfull \hbox (1.54124pt too wide) in paragraph at lines 24--25
\T1/lmss/m/n/12 at the dis-cre-tion of the Chair-per-son or the com-mit-tee in 
the ab-sence of the Chair-per-son. 
 []


Overfull \hbox (5.23022pt too wide) in paragraph at lines 41--42
[]\T1/lmss/m/n/12 Aside from the sched-uled meet-ings, on-line vot-ing is also 
per-mit-ted on the con-di-tion
 []

[118


]
Overfull \hbox (22.79414pt too wide) in paragraph at lines 42--43
[]\T1/lmss/m/n/12 Committee mem-bers (in-clud-ing the Of-fi-cial Li-ai-son, Cha
ir-per-son, Deputy Chair-per-son,
 []


Overfull \hbox (15.26486pt too wide) in paragraph at lines 44--45
[]\T1/lmss/m/n/12 Non-committee mem-bers may at-tend as non-voting guests if in
-vited by the chair. Com-mit-tee
 []


Overfull \hbox (18.2713pt too wide) in paragraph at lines 59--60
[]\T1/lmss/m/n/12 Collaborate with the In-ter-na-tional Grad-u-ate Stu-dents Is
-sues Com-mit-tee
 []

) [119]
\openout2 = `Committee_Documents/Executive.aux'.

 (Committee_Documents/Executive.tex
Overfull \hbox (8.83115pt too wide) in paragraph at lines 12--13
[]\T1/lmss/m/n/12 Other vot-ing mem-bers: Vice-President Aca-demic, Vice-Presid
ent Ad-vo-cacy, Vice-President
 []


Overfull \hbox (19.76462pt too wide) in paragraph at lines 17--20
[]\T1/lmss/m/n/12 Committee Archiv-ing: In ac-cor-dance with By-law 2.15.4.4, t
he Com-mu-ni-ca-tions Ad-min-is-tra-tor
 []

[120


]
Overfull \hbox (23.0066pt too wide) in paragraph at lines 37--38
[]\T1/lmss/m/n/12 Shall en-deav-our to reg-u-larly in-clude the Ac-count-ing Ma
n-ager, Com-mu-ni-ca-tions
 []


Overfull \hbox (6.71803pt too wide) in paragraph at lines 40--41
[]\T1/lmss/m/n/12 Shall en-deav-our to col-lab-o-rate with the Vice-Presidents 
to ad-dress West-ern,
 []


Overfull \hbox (14.1862pt too wide) in paragraph at lines 47--48
[]\T1/lmss/m/n/12 Shall re-port back to their re-spec-tive com-mit-tees with EC
 ques-tions/feedback. 
 []


Overfull \hbox (23.0066pt too wide) in paragraph at lines 49--50
[]\T1/lmss/m/n/12 Shall en-deav-our to reg-u-larly in-clude the Ac-count-ing Ma
n-ager, Com-mu-ni-ca-tions
 []


Overfull \hbox (3.53616pt too wide) in paragraph at lines 49--50
\T1/lmss/m/n/12 Ad-min-is-tra-tor, and Ad-min-is-tra-tive Co-or-di-na-tor in ma
t-ters per-tain-ing to the run-ning
 []


Overfull \hbox (10.48868pt too wide) in paragraph at lines 50--51
[]\T1/lmss/m/n/12 Shall en-deav-our to form strong part-ner-ships with their fe
l-low Vice-Presidents
 []


Overfull \hbox (10.59386pt too wide) in paragraph at lines 62--63
[]\T1/lmss/m/n/12 The SOGS Om-budsper-son should then im-me-di-ately be con-tac
ted to seek res-o-lu-tion. 
 []

[121]
Overfull \hbox (0.80847pt too wide) in paragraph at lines 71--72
[]\T1/lmss/m/n/12 Bring forth their con-cern to the other mem-bers of the EC to
 seek feed-back. 
 []

) [122]
\openout2 = `Committee_Documents/Finance.aux'.

 (Committee_Documents/Finance.tex
Overfull \hbox (15.95671pt too wide) in paragraph at lines 21--22
[]\T1/lmss/m/n/12 have the au-thor-ity to ap-point mem-bers to the com-mit-tee,
 for a non-renewable
 []


Overfull \hbox (6.62271pt too wide) in paragraph at lines 37--38
[]\T1/lmss/m/n/12 Maintain com-mit-tee records, in-clud-ing this Pol-icy doc-u-
ment, in a repos-i-tory
 []

[123


]
Overfull \hbox (7.47336pt too wide) in paragraph at lines 51--52
[]\T1/lmss/m/n/12 Shall mon-i-tor the long-term in-vest-ments of the So-ci-ety 
and make rec-om-men-da-tions
 []


Overfull \hbox (28.04501pt too wide) in paragraph at lines 60--60
|[]\T1/lmss/bx/n/14.4 Article 3: Bud-get Prepa-ra-tion, Man-age-ment, and Fi-na
n-cial Re-port-ing| 
 []

[124]
Overfull \hbox (24.01183pt too wide) in paragraph at lines 75--76
\T1/lmss/m/n/12 non-executive of-fi-cers and shall in-clude the fol-low-ing in-
for-ma-tion: name of pro-gram/project,
 []


Overfull \hbox (15.80656pt too wide) in paragraph at lines 91--92
[]\T1/lmss/m/n/12 Contract ten-der-ing shall fol-low the SOGS Quo-ta-tion and T
en-der-ing pol-icy doc-u-ment. 
 []

) [125]
\openout2 = `Committee_Documents/GCC.aux'.

 (Committee_Documents/GCC.tex
Overfull \hbox (14.16989pt too wide) in paragraph at lines 23--24
[]\T1/lmss/m/n/12 A Deputy Chair-per-son (if ap-pli-ca-ble), who shall as-sume 
the du-ties of the Chair-per-son
 []

[126


]
Overfull \hbox (32.48024pt too wide) in paragraph at lines 40--41
\T1/lmss/m/n/12 the SOGS Vice-President Fi-nance Google Drive folder un-der Gr
ad Club Com-mit-tee.FGoimm 
 []


Overfull \hbox (5.23022pt too wide) in paragraph at lines 45--46
[]\T1/lmss/m/n/12 Aside from the sched-uled meet-ings, on-line vot-ing is also 
per-mit-ted on the con-di-tion
 []


Overfull \hbox (22.79414pt too wide) in paragraph at lines 46--47
[]\T1/lmss/m/n/12 Committee mem-bers (in-clud-ing the Of-fi-cial Li-ai-son, Cha
ir-per-son, Deputy Chair-per-son,
 []


Overfull \hbox (12.85452pt too wide) in paragraph at lines 54--55
[]\T1/lmss/m/n/12 with the Vice-President Fi-nance, ne-go-ti-ate Grad Club mem-
ber-ship con-tracts. 
 []


Overfull \hbox (0.29868pt too wide) in paragraph at lines 61--62
[]\T1/lmss/m/n/12 oversee the op-er-a-tions of the Grad Club in con-sul-ta-tion
 with the Pres-i-dent,
 []


Overfull \hbox (9.7988pt too wide) in paragraph at lines 61--62
\T1/lmss/m/n/12 the Grad Club Com-mit-tee (GCC), the Grad Club Man-ager, the Ac
-count-ing Man-ager,
 []

[127]
Overfull \hbox (15.26486pt too wide) in paragraph at lines 74--75
[]\T1/lmss/m/n/12 Non-committee mem-bers may at-tend as non-voting guests if in
-vited by the chair. Com-mit-tee
 []


Overfull \hbox (5.034pt too wide) in paragraph at lines 75--76
[]\T1/lmss/m/n/12 Bylaw 1.6.5., the Chair-per-son, and vot-ing mem-bers may ser
ve no more than 12 con-sec-u-tive
 []


Overfull \hbox (6.58295pt too wide) in paragraph at lines 89--90
\T1/lmss/m/n/12 Man-ager to draft a bud-get, sub-ject to ap-proval by Coun-cil,
 while con-sid-er-ing in-for-ma-tion
 []

[128]
Overfull \hbox (4.36478pt too wide) in paragraph at lines 101--102
[]\T1/lmss/m/n/12 The Grad Club Com-mit-tee, in con-sul-ta-tion with the Vice-P
resident Fi-nance
 []


Overfull \hbox (1.15689pt too wide) in paragraph at lines 102--103
[]\T1/lmss/m/n/12 The GCC must for-mally re-quest these funds through Coun-cil 
by sub-mit-ting
 []

[129]) [130]
\openout2 = `Committee_Documents/Gradcast.aux'.

 (Committee_Documents/Gradcast.tex
Overfull \hbox (3.19754pt too wide) in paragraph at lines 27--28
[]\T1/lmss/m/n/12 A Pro-mo-tions, Ad-ver-tise-ment and So-cial Me-dia Man-ager,
 who shall be re-spon-si-ble
 []


Overfull \hbox (2.93518pt too wide) in paragraph at lines 31--32
\T1/lmss/m/n/12 pro-duc-tion of #GradLife seg-ments and com-mu-ni-ca-tions with
 #GradLife Sub-com-mit-tee
 []

[131


]
Overfull \hbox (16.82396pt too wide) in paragraph at lines 48--49
[]\T1/lmss/m/n/12 Provide in-struc-tions for con-trib-u-torsepisode pro-ducer(
s), guest(s), and host(s)in
 []

[132]
Overfull \hbox (3.298pt too wide) in paragraph at lines 67--68
[]\T1/lmss/m/n/12 Aim to ap-peal to var-i-ous au-di-ences in-clud-ing other gra
d-u-ate stu-dents, the West-ern
 []


Overfull \hbox (7.86786pt too wide) in paragraph at lines 76--77
[]\T1/lmss/m/n/12 Aim to in-clude a pic-ture of guests and hosts, along with a 
brief cap-tion sum-ma-riz-ing
 []

) [133]
\openout2 = `Committee_Documents/GPS.aux'.

 (Committee_Documents/GPS.tex
Overfull \hbox (8.2367pt too wide) in paragraph at lines 13--14
[]\T1/lmss/m/n/12 An Of-fi-cial Li-ai-son, who shall be the Vice-President Stu-
dent Ser-vices, in com-pli-ance
 []


Overfull \hbox (14.16989pt too wide) in paragraph at lines 23--24
[]\T1/lmss/m/n/12 A Deputy Chair-per-son (if ap-pli-ca-ble), who shall as-sume 
the du-ties of the Chair-per-son
 []


Overfull \hbox (1.54124pt too wide) in paragraph at lines 23--24
\T1/lmss/m/n/12 at the dis-cre-tion of the Chair-per-son or the com-mit-tee in 
the ab-sence of the Chair-per-son. 
 []


Overfull \hbox (5.23022pt too wide) in paragraph at lines 40--41
[]\T1/lmss/m/n/12 Aside from the sched-uled meet-ings, on-line vot-ing is also 
per-mit-ted on the con-di-tion
 []

[134


]
Overfull \hbox (22.79414pt too wide) in paragraph at lines 41--42
[]\T1/lmss/m/n/12 Committee mem-bers (in-clud-ing the Of-fi-cial Li-ai-son, Cha
ir-per-son, Deputy Chair-per-son,
 []


Overfull \hbox (15.26486pt too wide) in paragraph at lines 43--44
[]\T1/lmss/m/n/12 Non-committee mem-bers may at-tend as non-voting guests if in
-vited by the chair. Com-mit-tee
 []


Overfull \hbox (17.0893pt too wide) in paragraph at lines 45--46
\T1/lmss/m/n/12 2.9.3.9. This clause also ap-plies to the SOGS Food Bank and SO
GS Cook-book Sub-Committees
 []

[135]
Overfull \hbox (6.02956pt too wide) in paragraph at lines 76--77
[]\T1/lmss/m/n/12 The man-date of the SOGS' Sur-vival Guide to Cook-ing Cook-bo
ok (and by ex-ten-sion
 []


Overfull \hbox (5.15916pt too wide) in paragraph at lines 77--78
[]\T1/lmss/m/n/12 The SOGS Cook-book Sub-Committee will com-prise of four (4) m
em-bers in-clud-ing: 
 []


Overfull \hbox (5.28816pt too wide) in paragraph at lines 82--83
[]\T1/lmss/m/n/12 The mem-bers of the SOGS Cook-book Sub-Committee shall be ele
cted by mem-bers
 []

) [136]
\openout2 = `Committee_Documents/GSIC.aux'.

 (Committee_Documents/GSIC.tex [137


]
Overfull \hbox (28.66913pt too wide) in paragraph at lines 35--36
[]\T1/lmss/m/n/12 Committee mem-bers (in-clud-ing the Of-fi-cial Li-ai-son, Cha
ir-per-son, Deputy Chair-per-son,
 []


Overfull \hbox (13.88496pt too wide) in paragraph at lines 53--54
[]\T1/lmss/m/n/12 the ef-forts done to-wards re-solv-ing the is-sues or stat-in
g al-ter-na-tives to ac-com-mo-date
 []


Overfull \hbox (11.79022pt too wide) in paragraph at lines 55--56
[]\T1/lmss/m/n/12 recommendations to the Vice-President Ad-vo-cacy for con-tin-
ual work on un-re-solved
 []

) [138]
\openout2 = `Committee_Documents/GSTA.aux'.

 (Committee_Documents/GSTA.tex)
\openout2 = `Committee_Documents/HPC.aux'.

 (Committee_Documents/HPC.tex
Overfull \hbox (1.00533pt too wide) in paragraph at lines 27--28
[]\T1/lmss/m/n/12 A mem-ber-ship limit, as per By-law 2.9.4.2.2., set at 12 vot
-ing mem-bers, in-clud-ing
 []


Overfull \hbox (3.15952pt too wide) in paragraph at lines 29--30
\T1/lmss/m/n/12 and SOGS Ac-count-ing Man-ager (Ex-officio), and Com-mu-ni-ca-t
ions Ad-min-is-tra-tor (Ex-officio)
 []

[139




]
Overfull \hbox (7.07092pt too wide) in paragraph at lines 39--40
[]\T1/lmss/m/n/12 Committee mem-bers (in-clud-ing the Of-fi-cial Li-ai-son, Cha
ir(s), Deputy Chair-per-son
 []


Overfull \hbox (6.35231pt too wide) in paragraph at lines 46--47
[]\T1/lmss/m/n/12 be a sign-ing au-thor-ity on the Health Plan Con-tract with t
he Vice-President
 []


Overfull \hbox (49.88033pt too wide) in paragraph at lines 55--56
[]\T1/lmss/m/n/12 work with the Ac-count-ing Man-ager, Ad-min-is-tra-tive As-si
s-tant, and Com-mu-ni-ca-tions
 []


Overfull \hbox (2.17668pt too wide) in paragraph at lines 63--64
[]\T1/lmss/m/n/12 distribute Com-mit-tee min-utes via the HPC list-serv as per 
By-law 2.9.2.8.1; 
 []

[140]
Overfull \hbox (5.56659pt too wide) in paragraph at lines 78--79
[]\T1/lmss/m/n/12 The Com-mu-ni-ca-tions Ad-min-is-tra-tor shall over-see the H
PC list-serv and com-mit-tee
 []


Overfull \hbox (34.57208pt too wide) in paragraph at lines 83--84
[]\T1/lmss/m/n/12 If the Chair-per-son is tem-porar-ily un-able to com-plete th
e roles and re-spon-si-bil-i-ties
 []


Overfull \hbox (19.9581pt too wide) in paragraph at lines 95--96
[]\T1/lmss/m/n/12 The Vice-President Stu-dent Ser-vices will store HPC min-utes
 and rel-e-vant doc-u-ments
 []

[141]
Overfull \hbox (27.1925pt too wide) in paragraph at lines 122--123
[]\T1/lmss/m/n/12 The HPC shall act in ac-cor-dance with So-ci-ety by-laws on "
Pro-cure-ment." 
 []

[142]
Overfull \hbox (68.70358pt too wide) in paragraph at lines 135--158
[][] 
 []


Overfull \hbox (20.23836pt too wide) in paragraph at lines 169--171
[]\T1/lmss/m/n/12 other -- 5% (Dis-counts, Net-work, Bur-saries, Spon-sor-ship,
 Pro-mo-tional,
 []


Overfull \hbox (32.8496pt too wide) in paragraph at lines 169--171
\T1/lmss/m/n/12 Com-mu-ni-ca-tion, Ad-min-is-tra-tive, Data An-a-lyt-ics, Flex 
Plans, Men-tal health/Wellness
 []

) [143]
\openout2 = `Committee_Documents/IGSIC.aux'.

 (Committee_Documents/IGSIC.tex
Overfull \hbox (13.83636pt too wide) in paragraph at lines 7--8
\T1/lmss/m/n/12 aca-demic ini-tia-tives for en-hanc-ing their stu-dent life by 
work-ing in con-sul-ta-tion with the Vice-President
 []

[144


]
Overfull \hbox (14.6888pt too wide) in paragraph at lines 54--55
[]\T1/lmss/m/n/12 Shall re-fer to the IGSIC Google Drive Archive over-seen by t
he Vice-President
 []

[145]
Overfull \hbox (1.45459pt too wide) in paragraph at lines 119--120
\T1/lmss/m/n/12 col-lab-o-rate with grad-u-ate stu-dent stake-hold-ers, such as
 Grad-u-ate Stu-dent Life Ad-vi-sory
 []


Overfull \hbox (17.41031pt too wide) in paragraph at lines 119--120
\T1/lmss/m/n/12 Group, or other SOGS Ad-vo-cacy Com-mit-tees for or-ga-niz-ing 
in-ter-na-tional graduate-specific
 []

) [146]
\openout2 = `Committee_Documents/OSC.aux'.

 (Committee_Documents/OSC.tex
Overfull \hbox (4.90865pt too wide) in paragraph at lines 7--8
\T1/lmss/m/n/12 Fall, Win-ter, and Sum-mer Ori-en-ta-tions, host so-cial and re
creational--including non-alcoholic--events
 []


Overfull \hbox (24.2692pt too wide) in paragraph at lines 19--20
[]\T1/lmss/m/n/12 A mem-ber-ship limit, set at fif-teen (15) vot-ing mem-bers, 
in-clud-ing the Chair-per-son(s); 
 []


Overfull \hbox (7.60649pt too wide) in paragraph at lines 33--34
[]\T1/lmss/m/n/12 Committee mem-bers (in-clud-ing the Of-fi-cial Li-ai-son, Cha
ir-per-son(s), and ex-officio
 []

[147


]
Overfull \hbox (5.00612pt too wide) in paragraph at lines 55--56
[]\T1/lmss/m/n/12 Coordinate with the Chair-per-son(s) for SOGS mer-chan-dise o
r-der pick-ups; 
 []

[148]
Overfull \hbox (19.48224pt too wide) in paragraph at lines 85--86
[]\T1/lmss/m/n/12 Submit each com-mit-tee mem-ber's name for re-ratification at
 the Septem-ber
 []


Overfull \hbox (2.29767pt too wide) in paragraph at lines 86--87
[]\T1/lmss/m/n/12 Liaise with the Vice-Presidents, Com-mis-sion-ers, Non-Execut
ive Of-fi-cers,
 []

[149]
Overfull \hbox (7.11028pt too wide) in paragraph at lines 115--116
[]\T1/lmss/m/n/12 Subsidize 50%-100% of the vol-un-teer ticket for off-campus O
SC trips (de-ter-mined
 []


Overfull \hbox (26.2827pt too wide) in paragraph at lines 122--123
\T1/lmss/m/n/12 Grad Club Com-mit-tee, Grad-u-ate Peer Sup-port (Grad-u-ate Wel
l-ness Week), In-ter-na-tional
 []

[150]
Overfull \hbox (41.78441pt too wide) in paragraph at lines 136--137
\T1/lmss/m/n/12 and/or non-alcohol fo-cused events in an ef-fort to bet-ter mee
t the needs/interests/demographics
 []


Overfull \hbox (15.20567pt too wide) in paragraph at lines 142--143
\T1/lmss/m/n/12 Man-ager, and other SOGS Ex-ec-u-tives, Non-Executive Of-fi-cer
s (in-clud-ing Com-mis-sion-ers),
 []


Overfull \hbox (3.83269pt too wide) in paragraph at lines 144--145
\T1/lmss/m/n/12 and Sum-mer Ori-en-ta-tions, which usu-ally oc-cur dur-ing the 
first weeks of Septem-ber,
 []

[151]
Overfull \hbox (0.29579pt too wide) in paragraph at lines 188--189
[]\T1/lmss/m/n/12 Endeavour to so-licit game feed-back from grad-u-ate stu-dent
s when look-ing
 []


Overfull \hbox (4.92009pt too wide) in paragraph at lines 198--199
[]\T1/lmss/m/n/12 Handle com-pil-ing or-der data and co-or-di-nat-ing or-der pi
ckup in con-sul-ta-tion
 []

[152]
Overfull \hbox (4.18384pt too wide) in paragraph at lines 214--215
[]\T1/lmss/m/n/12 How to con-tact the OSC and co-or-di-nate with the So-ci-ety 
(in-clud-ing
 []


Overfull \hbox (8.2725pt too wide) in paragraph at lines 234--235
[]\T1/lmss/m/n/12 If an ap-pli-cant was un-able to find ten (10) in-ter-ested g
rad stu-dents, the com-mit-tee
 []


Overfull \hbox (2.03363pt too wide) in paragraph at lines 248--249
[]\T1/lmss/m/n/12 Clubs that de-cide to dis-band must first give no-tice to all
 in-ac-tive mem-bers
 []

[153]
Overfull \hbox (10.04333pt too wide) in paragraph at lines 279--280
[]\T1/lmss/m/n/12 Commissioners shall have Ad-min-is-tra-tor Priv-i-leges over 
their con-stituency's
 []

[154]
Overfull \hbox (1.99571pt too wide) in paragraph at lines 305--306
[]\T1/lmss/m/n/12 Notwithstanding the above, the OSC and the mod-er-a-tion team
 may en-force the fol-low-ing
 []

[155] [156] [157]) [158]
\openout2 = `Committee_Documents/Policy.aux'.

 (Committee_Documents/Policy.tex
Overfull \hbox (2.03151pt too wide) in paragraph at lines 37--38
[]\T1/lmss/m/n/12 Aside from the sched-uled meet-ings (in-peron or on-line), em
ail vot-ing is per-mit-ted
 []

[159


]
Overfull \hbox (9.86691pt too wide) in paragraph at lines 42--43
[]\T1/lmss/m/n/12 All Com-mit-tee mem-bers (in-clud-ing the Of-fi-cial Li-ai-so
n, Chair-per-son, and ex-officio
 []


Overfull \hbox (29.13763pt too wide) in paragraph at lines 50--51
[]\T1/lmss/m/n/12 submit com-mit-tee mem-ber names to Coun-cil each May for re-
ratification
 []


Overfull \hbox (5.20688pt too wide) in paragraph at lines 62--63
[]\T1/lmss/m/n/12 bring re-viewed poli-cies to the PC for con-sul-ta-tion prior
 to pre-sent-ing
 []

[160]
Overfull \hbox (10.85063pt too wide) in paragraph at lines 73--74
[]\T1/lmss/m/n/12 consult with the pol-icy com-mit-tee re-gard-ing changes to t
he dis-ci-pline
 []


Overfull \hbox (10.33463pt too wide) in paragraph at lines 95--96
[]\T1/lmss/m/n/12 advise and re-view other So-ci-ety pol-icy doc-u-ments (e.g.,
 Per-son-nel Pol-icy, Fi-nan-cial
 []


Overfull \hbox (1.12729pt too wide) in paragraph at lines 96--97
[]\T1/lmss/m/n/12 Discern and/or de-vise poli-cies from passed Coun-cil Meet-in
g mo-tions for in-clu-sion
 []

[161]) [162]
\openout2 = `Committee_Documents/Sustainability.aux'.

 (Committee_Documents/Sustainability.tex
Overfull \hbox (1.00533pt too wide) in paragraph at lines 26--27
[]\T1/lmss/m/n/12 A mem-ber-ship limit, as per By-law 2.9.4.2.2., set at 12 vot
-ing mem-bers, in-clud-ing
 []

[163


]
Overfull \hbox (15.86652pt too wide) in paragraph at lines 48--49
[]\T1/lmss/m/n/12 Promotions, Ad-ver-tise-ment, and So-cial Me-dia Man-ager(s),
 who shall be re-spon-si-ble
 []


Overfull \hbox (7.53793pt too wide) in paragraph at lines 62--63
[]\T1/lmss/m/n/12 Collaborate where ap-pro-pri-ate with other stu-dent groups t
o pro-mote sus-tain-abil-ity
 []


Overfull \hbox (12.33553pt too wide) in paragraph at lines 63--64
[]\T1/lmss/m/n/12 Collaborate where ap-pro-pri-ate with Fa-cil-i-ties Man-age-m
ent, Sus-tain-abil-ity West-ern,
 []

[164]) [165]
Chapter 6.
[166


]
\openout2 = `Rulings/July2013.aux'.

 (Rulings/July2013.tex
Overfull \hbox (5.09343pt too wide) in paragraph at lines 35--36
[]\T1/lmss/m/n/12 Were the Non-Disclosure Agree-ments (NDA) signed by the mem-b
ers of the In-ves-tiga-tive
 []

[167

] [168] [169]
Underfull \hbox (badness 10000) in paragraph at lines 87--97

 []

) [170]
\openout2 = `Rulings/Nov2014.aux'.

 (Rulings/Nov2014.tex
Overfull \hbox (9.7455pt too wide) in paragraph at lines 18--20
\T1/lmss/m/n/12 Al-ter-nate Coun-cil-lors to at-tend meet-ings when their reg-u
-lar de-part-ment rep-re-sen-ta-tive is un-avail-able.
 []


Underfull \hbox (badness 10000) in paragraph at lines 30--40

 []

) [171


]
\openout2 = `Rulings/Nov2017.aux'.

 (Rulings/Nov2017.tex
Overfull \hbox (0.24078pt too wide) in paragraph at lines 29--30
[]\T1/lmss/m/n/12 Removal of the mem-ber from the com-mit-tee list fol-low-ing 
their un-der-stood res-ig-na-tion. 
 []


Package multicol Warning: I moved some lines to the next page.
(multicol)                Footnotes on page 172 might be wrong on input line 48
.

[172


] [173]) [174]
\openout2 = `Rulings/Nov2019.aux'.

 (Rulings/Nov2019.tex) [175


]
\openout2 = `Rulings/Nov2019b.aux'.

 (Rulings/Nov2019b.tex
Underfull \hbox (badness 10000) in paragraph at lines 26--32
\T1/lmss/m/n/12 BIRT Coun-cil ap-proves the ex-ec-u-tive
 []


Underfull \hbox (badness 7116) in paragraph at lines 34--35
\T1/lmss/m/n/12 present the pro-pos-als with the Fi-nance
 []


Underfull \hbox (badness 7851) in paragraph at lines 34--35
\T1/lmss/m/n/12 Com-mit-tee's rec-om-men-da-tions to Coun-cil
 []

[176


]
Underfull \hbox (badness 6608) in paragraph at lines 37--38
\T1/lmss/m/n/12 changes or changes in the bud-getary
 []

) [177]
\openout2 = `Rulings/Jan2022.aux'.

 (Rulings/Jan2022.tex
LaTeX Font Info:    Font shape `T1/lmss/m/it' in size <10> not available
(Font)              Font shape `T1/lmss/m/sl' tried instead on input line 14.
LaTeX Font Info:    Font shape `T1/lmss/m/it' in size <10.95> not available
(Font)              Font shape `T1/lmss/m/sl' tried instead on input line 18.
LaTeX Font Info:    External font `lmex10' loaded for size
(Font)              <10.95> on input line 26.

Underfull \hbox (badness 10000) in paragraph at lines 32--34

 []


Package multicol Warning: I moved some lines to the next page.
(multicol)                Footnotes on page 178 might be wrong on input line 44
.

[178


]
Underfull \hbox (badness 10000) in paragraph at lines 46--54
\T1/lmss/m/sl/10.95 Whereas \T1/lmss/m/n/10.95 the So-ci-ety does not
 []


Underfull \hbox (badness 10000) in paragraph at lines 46--54
\T1/lmss/m/n/10.95 com-pen-sate any Ex-ec-u-tive or
 []


Underfull \hbox (badness 7522) in paragraph at lines 46--54
\T1/lmss/m/n/10.95 hon-o-rar-ium sep-a-rate from the TA
 []


Underfull \hbox (badness 7759) in paragraph at lines 46--54
\T1/lmss/m/sl/10.95 BIFRT \T1/lmss/m/n/10.95 Ex-ec-u-tive com-pen-sa-tion be
 []


Underfull \hbox (badness 10000) in paragraph at lines 46--54
\T1/lmss/m/n/10.95 be changed from ``Non-Executive
 []


Underfull \hbox (badness 10000) in paragraph at lines 46--54
\T1/lmss/m/n/10.95 and ``Vice-Presidents'' at $20,000
 []


Underfull \hbox (badness 7012) in paragraph at lines 46--54
\T1/lmss/m/sl/10.95 BIFRT \T1/lmss/m/n/10.95 Pol-icy 4.6.2. ``Ex-ec-u-tive
 []


Underfull \hbox (badness 6775) in paragraph at lines 46--54
\T1/lmss/m/n/10.95 mem-bers of the So-ci-ety shall be
 []


Underfull \hbox (badness 6526) in paragraph at lines 58--59
[]\T1/lmss/m/n/12 The [Vice-President] Stu-dent Ser-vices'
 []


Underfull \hbox (badness 10000) in paragraph at lines 66--67
\T1/lmss/m/n/10.95 bud-get shall be re-ceived by the
 []


Package multicol Warning: I moved some lines to the next page.
(multicol)                Footnotes on page 179 might be wrong on input line 71
.

[179]) [180] [181]
No file Unified_Docs.ind.
(Unified_Docs.aux (Constitution/Constitution.aux) (Bylaw/Bylaws.aux)
(Elections/Elections_Table.aux) (Bylaw/Bylaws_Post_Election_Table.aux)
(Operations_Policy/Conflict_of_Interest.aux)
(Operations_Policy/Discipline_Code_2018.aux) (Operations_Policy/Elections.aux)
(Operations_Policy/Minutes_2018.aux) (Operations_Policy/Procurement.aux)
(Position_Statements/Position_Statements.aux) (Committee_Documents/Academic.aux
) (Committee_Documents/BSC.aux) (Committee_Documents/BCC.aux)
(Committee_Documents/Equity.aux) (Committee_Documents/Executive.aux)
(Committee_Documents/Finance.aux) (Committee_Documents/GCC.aux)
(Committee_Documents/Gradcast.aux) (Committee_Documents/GPS.aux)
(Committee_Documents/GSIC.aux) (Committee_Documents/GSTA.aux)
(Committee_Documents/HPC.aux) (Committee_Documents/IGSIC.aux)
(Committee_Documents/OSC.aux) (Committee_Documents/Policy.aux)
(Committee_Documents/Sustainability.aux) (Rulings/July2013.aux)
(Rulings/Nov2014.aux) (Rulings/Nov2017.aux) (Rulings/Nov2019.aux)
(Rulings/Nov2019b.aux) (Rulings/Jan2022.aux))

LaTeX Warning: There were multiply-defined labels.

 ) 
Here is how much of TeX's memory you used:
 16277 strings out of 481556
 320240 string characters out of 2923637
 582288 words of memory out of 3000000
 30872 multiletter control sequences out of 15000+200000
 616377 words of font info for 74 fonts, out of 3000000 for 9000
 1148 hyphenation exceptions out of 8191
 68i,15n,83p,1110b,728s stack positions out of 5000i,500n,10000p,200000b,50000s
{C:/Program Files/MiKTeX 2.9/fonts/enc/dvips/lm/lm-ec.enc}{C:/Program Files/M
iKTeX 2.9/fonts/enc/dvips/lm/lm-ts1.enc}<C:/Program Files/MiKTeX 2.9/fonts/type
1/public/lm/lmcsc10.pfb><C:/Program Files/MiKTeX 2.9/fonts/type1/public/lm/lmss
10.pfb><C:/Program Files/MiKTeX 2.9/fonts/type1/public/lm/lmss12.pfb><C:/Progra
m Files/MiKTeX 2.9/fonts/type1/public/lm/lmss17.pfb><C:/Program Files/MiKTeX 2.
9/fonts/type1/public/lm/lmss8.pfb><C:/Program Files/MiKTeX 2.9/fonts/type1/publ
ic/lm/lmssbx10.pfb><C:/Program Files/MiKTeX 2.9/fonts/type1/public/lm/lmsso10.p
fb><C:/Program Files/MiKTeX 2.9/fonts/type1/public/lm/lmsso12.pfb>
Output written on Unified_Docs.pdf (181 pages, 597089 bytes).
PDF statistics:
 651 PDF objects out of 1000 (max. 8388607)
 0 named destinations out of 1000 (max. 500000)
 114 words of extra memory for PDF output out of 10000 (max. 10000000)

